<!DOCTYPE html PUBLIC "-//W3C//DTD XHTML 1.1//EN" "http://www.w3.org/TR/xhtml11/DTD/xhtml11.dtd">
<html xmlns="http://www.w3.org/1999/xhtml"><head><title>TestNG Report</title><style type="text/css">table {margin-bottom:10px;border-collapse:collapse;empty-cells:show}th,td {border:1px solid #009;padding:.25em .5em}th {vertical-align:bottom}td {vertical-align:top}table a {font-weight:bold}.stripe td {background-color: #E6EBF9}.num {text-align:right}.passedodd td {background-color: #3F3}.passedeven td {background-color: #0A0}.skippedodd td {background-color: #DDD}.skippedeven td {background-color: #CCC}.failedodd td,.attn {background-color: #F33}.failedeven td,.stripe .attn {background-color: #D00}.stacktrace {white-space:pre;font-family:monospace}.totop {font-size:85%;text-align:center;border-bottom:2px solid #000}</style></head><body><table><tr><th>Test</th><th># Passed</th><th># Skipped</th><th># Failed</th><th>Time (ms)</th><th>Included Groups</th><th>Excluded Groups</th></tr><tr><th colspan="7">Tests</th></tr><tr><td><a href="#t0">Test1</a></td><td class="num">20</td><td class="num">0</td><td class="num attn">15</td><td class="num">365 825</td><td></td><td></td></tr></table><table id='summary'><thead><tr><th>Class</th><th>Method</th><th>Start</th><th>Time (ms)</th></tr></thead><tbody><tr><th colspan="4">Tests</th></tr></tbody><tbody id="t0"><tr><th colspan="4">Test1 &#8212; failed</th></tr><tr class="failedeven"><td rowspan="15">annaProjects.SampleTestNgTest</td><td><a href="#m0">checkBlockChainExplorer</a></td><td rowspan="1">1516657403266</td><td rowspan="1">7641</td></tr><tr class="failedeven"><td><a href="#m1">checkCLintonLegislationDetails</a></td><td rowspan="1">1516657589833</td><td rowspan="1">8918</td></tr><tr class="failedeven"><td><a href="#m2">checkDTrumpDetails</a></td><td rowspan="1">1516657504844</td><td rowspan="1">34889</td></tr><tr class="failedeven"><td><a href="#m3">checkDiscardButton</a></td><td rowspan="1">1516657630158</td><td rowspan="1">16172</td></tr><tr class="failedeven"><td><a href="#m4">checkDiscardSignBallot</a></td><td rowspan="1">1516657688272</td><td rowspan="1">16222</td></tr><tr class="failedeven"><td><a href="#m5">checkHilClintonDetails</a></td><td rowspan="1">1516657541019</td><td rowspan="1">35169</td></tr><tr class="failedeven"><td><a href="#m6">checkNoSecretPinInput</a></td><td rowspan="1">1516657707126</td><td rowspan="1">15960</td></tr><tr class="failedeven"><td><a href="#m7">checkReturnFromDecrBallot</a></td><td rowspan="1">1516657724940</td><td rowspan="1">15831</td></tr><tr class="failedeven"><td><a href="#m8">checkSaveBallotDetails</a></td><td rowspan="1">1516657648226</td><td rowspan="1">5213</td></tr><tr class="failedeven"><td><a href="#m9">checkSaveDecrBallot</a></td><td rowspan="1">1516657742609</td><td rowspan="1">8006</td></tr><tr class="failedeven"><td><a href="#m10">checkTrumpLegislationDetails</a></td><td rowspan="1">1516657579190</td><td rowspan="1">6852</td></tr><tr class="failedeven"><td><a href="#m11">verifyMonitoringHelpButton</a></td><td rowspan="1">1516657455633</td><td rowspan="1">3794</td></tr><tr class="failedeven"><td><a href="#m12">verifySettingsButton</a></td><td rowspan="1">1516657473900</td><td rowspan="1">4213</td></tr><tr class="failedeven"><td><a href="#m13">verifyUncheckedButtons</a></td><td rowspan="1">1516657480049</td><td rowspan="1">4013</td></tr><tr class="failedeven"><td><a href="#m14">verifyVotingHelpButton</a></td><td rowspan="1">1516657449696</td><td rowspan="1">4036</td></tr><tr><th colspan="4">Test1 &#8212; passed</th></tr><tr class="passedeven"><td rowspan="20">annaProjects.SampleTestNgTest</td><td><a href="#m15">checkBallotPage</a></td><td rowspan="1">1516657623174</td><td rowspan="1">5602</td></tr><tr class="passedeven"><td><a href="#m16">checkCancelInLegislation</a></td><td rowspan="1">1516657603628</td><td rowspan="1">6683</td></tr><tr class="passedeven"><td><a href="#m17">checkCrossButtonInLegislation</a></td><td rowspan="1">1516657612791</td><td rowspan="1">8357</td></tr><tr class="passedeven"><td><a href="#m18">checkDecryptCancel</a></td><td rowspan="1">1516657655363</td><td rowspan="1">6467</td></tr><tr class="passedeven"><td><a href="#m19">checkDecryptConfirm</a></td><td rowspan="1">1516657663757</td><td rowspan="1">6322</td></tr><tr class="passedeven"><td><a href="#m20">checkEstoniaElectionType</a></td><td rowspan="1">1516657492191</td><td rowspan="1">4275</td></tr><tr class="passedeven"><td><a href="#m21">checkSignBallot</a></td><td rowspan="1">1516657680300</td><td rowspan="1">6141</td></tr><tr class="passedeven"><td><a href="#m22">checkSignBallotCancel</a></td><td rowspan="1">1516657672019</td><td rowspan="1">6471</td></tr><tr class="passedeven"><td><a href="#m23">checkSubmitSignedBallotWithEmail</a></td><td rowspan="1">1516657752466</td><td rowspan="1">6368</td></tr><tr class="passedeven"><td><a href="#m24">checkUSElectionType</a></td><td rowspan="1">1516657486022</td><td rowspan="1">4317</td></tr><tr class="passedeven"><td><a href="#m25">checkVoteButtonVoitingPage</a></td><td rowspan="1">1516657498329</td><td rowspan="1">4565</td></tr><tr class="passedeven"><td><a href="#m26">verifyAppHeader</a></td><td rowspan="1">1516657412763</td><td rowspan="1">3952</td></tr><tr class="passedeven"><td><a href="#m27">verifyAppSubHeader</a></td><td rowspan="1">1516657418650</td><td rowspan="1">3703</td></tr><tr class="passedeven"><td><a href="#m28">verifyBottomMonitorButton</a></td><td rowspan="1">1516657461425</td><td rowspan="1">4038</td></tr><tr class="passedeven"><td><a href="#m29">verifyBottomVoitButton</a></td><td rowspan="1">1516657467954</td><td rowspan="1">4015</td></tr><tr class="passedeven"><td><a href="#m30">verifyReturnButtMonitorPage</a></td><td rowspan="1">1516657443284</td><td rowspan="1">4449</td></tr><tr class="passedeven"><td><a href="#m31">verifyReturnButtVoitingPage</a></td><td rowspan="1">1516657437231</td><td rowspan="1">4081</td></tr><tr class="passedeven"><td><a href="#m32">verifyStartPageIsLoaded</a></td><td rowspan="1">1516657395566</td><td rowspan="1">3857</td></tr><tr class="passedeven"><td><a href="#m33">voitInEllectionPageIsLoaded</a></td><td rowspan="1">1516657424332</td><td rowspan="1">4095</td></tr><tr class="passedeven"><td><a href="#m34">voitInMonitorProcessPageIsLoaded</a></td><td rowspan="1">1516657430257</td><td rowspan="1">5070</td></tr></tbody></table><h2>Test1</h2><h3 id="m0">annaProjects.SampleTestNgTest#checkBlockChainExplorer</h3><table class="result"><tr><th>Exception</th></tr><tr><td><div class="stacktrace">java.lang.AssertionError: expected [true] but found [false]
	at annaProjects.SampleTestNgTest.checkBlockChainExplorer(SampleTestNgTest.java:448)
... Removed 32 stack frames</div></td></tr></table><p class="totop"><a href="#summary">back to summary</a></p><h3 id="m1">annaProjects.SampleTestNgTest#checkCLintonLegislationDetails</h3><table class="result"><tr><th>Exception</th></tr><tr><td><div class="stacktrace">java.lang.AssertionError: expected [Information about elections in US is available on webpage] but found [information about elections in estonia is available on webpage]
	at annaProjects.SampleTestNgTest.checkCLintonLegislationDetails(SampleTestNgTest.java:224)
... Removed 34 stack frames</div></td></tr></table><p class="totop"><a href="#summary">back to summary</a></p><h3 id="m2">annaProjects.SampleTestNgTest#checkDTrumpDetails</h3><table class="result"><tr><th>Exception</th></tr><tr><td><div class="stacktrace">org.openqa.selenium.TimeoutException: Expected condition failed: waiting for element to be clickable: By.className: confirm-choise-block-addition-link (tried for 30 second(s) with 500 MILLISECONDS interval)
Build info: version: &apos;3.5.1&apos;, revision: &apos;9c21bb67ef&apos;, time: &apos;2017-08-17T15:26:08.955Z&apos;
System info: host: &apos;NB-181&apos;, ip: &apos;192.168.56.1&apos;, os.name: &apos;Windows 10&apos;, os.arch: &apos;amd64&apos;, os.version: &apos;10.0&apos;, java.version: &apos;1.8.0_151&apos;
Driver info: org.openqa.selenium.chrome.ChromeDriver
Capabilities [{applicationCacheEnabled=false, rotatable=false, mobileEmulationEnabled=false, networkConnectionEnabled=false, chrome={chromedriverVersion=2.34.522940 (1a76f96f66e3ca7b8e57d503b4dd3bccfba87af1), userDataDir=C:\Users\apetrova\AppData\Local\Temp\scoped_dir39320_215}, takesHeapSnapshot=true, pageLoadStrategy=normal, unhandledPromptBehavior=, databaseEnabled=false, handlesAlerts=true, hasTouchScreen=false, version=63.0.3239.84, platform=XP, browserConnectionEnabled=false, nativeEvents=true, acceptSslCerts=true, locationContextEnabled=true, webStorageEnabled=true, browserName=chrome, takesScreenshot=true, javascriptEnabled=true, cssSelectorsEnabled=true, setWindowRect=true, unexpectedAlertBehaviour=}]
Session ID: 09528548b37d39ba21b96bcf8a9ec7a7
	at org.openqa.selenium.support.ui.WebDriverWait.timeoutException(WebDriverWait.java:80)
	at org.openqa.selenium.support.ui.FluentWait.until(FluentWait.java:232)
	at annaProjects.pages.CandidatesPage.checkCandidatePage(CandidatesPage.java:53)
	at annaProjects.SampleTestNgTest.checkDTrumpDetails(SampleTestNgTest.java:184)
... Removed 28 stack frames</div></td></tr></table><p class="totop"><a href="#summary">back to summary</a></p><h3 id="m3">annaProjects.SampleTestNgTest#checkDiscardButton</h3><table class="result"><tr><th>Exception</th></tr><tr><td><div class="stacktrace">org.openqa.selenium.NoSuchElementException: no such element: Unable to locate element: {&quot;method&quot;:&quot;xpath&quot;,&quot;selector&quot;:&quot;//*[text()=&apos;Candidates of Election&apos;]&quot;}
  (Session info: chrome=63.0.3239.84)
  (Driver info: chromedriver=2.34.522940 (1a76f96f66e3ca7b8e57d503b4dd3bccfba87af1),platform=Windows NT 10.0.14393 x86_64) (WARNING: The server did not provide any stacktrace information)
Command duration or timeout: 0 milliseconds
For documentation on this error, please visit: http://seleniumhq.org/exceptions/no_such_element.html
Build info: version: &apos;3.5.1&apos;, revision: &apos;9c21bb67ef&apos;, time: &apos;2017-08-17T15:26:08.955Z&apos;
System info: host: &apos;NB-181&apos;, ip: &apos;192.168.56.1&apos;, os.name: &apos;Windows 10&apos;, os.arch: &apos;amd64&apos;, os.version: &apos;10.0&apos;, java.version: &apos;1.8.0_151&apos;
Driver info: org.openqa.selenium.chrome.ChromeDriver
Capabilities [{applicationCacheEnabled=false, rotatable=false, mobileEmulationEnabled=false, networkConnectionEnabled=false, chrome={chromedriverVersion=2.34.522940 (1a76f96f66e3ca7b8e57d503b4dd3bccfba87af1), userDataDir=C:\Users\apetrova\AppData\Local\Temp\scoped_dir47208_31602}, takesHeapSnapshot=true, pageLoadStrategy=normal, unhandledPromptBehavior=, databaseEnabled=false, handlesAlerts=true, hasTouchScreen=false, version=63.0.3239.84, platform=XP, browserConnectionEnabled=false, nativeEvents=true, acceptSslCerts=true, locationContextEnabled=true, webStorageEnabled=true, browserName=chrome, takesScreenshot=true, javascriptEnabled=true, cssSelectorsEnabled=true, setWindowRect=true, unexpectedAlertBehaviour=}]
Session ID: 8e8d0b2a8a447be26fcae933b1f2e134
*** Element info: {Using=xpath, value=//*[text()=&apos;Candidates of Election&apos;]}
	at org.openqa.selenium.remote.ErrorHandler.createThrowable(ErrorHandler.java:215)
	at org.openqa.selenium.remote.ErrorHandler.throwIfResponseFailed(ErrorHandler.java:167)
	at org.openqa.selenium.remote.http.JsonHttpResponseCodec.reconstructValue(JsonHttpResponseCodec.java:40)
	at org.openqa.selenium.remote.http.AbstractHttpResponseCodec.decode(AbstractHttpResponseCodec.java:82)
	at org.openqa.selenium.remote.http.AbstractHttpResponseCodec.decode(AbstractHttpResponseCodec.java:45)
	at org.openqa.selenium.remote.HttpCommandExecutor.execute(HttpCommandExecutor.java:164)
	at org.openqa.selenium.remote.service.DriverCommandExecutor.execute(DriverCommandExecutor.java:82)
	at org.openqa.selenium.remote.RemoteWebDriver.execute(RemoteWebDriver.java:641)
	at org.openqa.selenium.remote.RemoteWebDriver.findElement(RemoteWebDriver.java:414)
	at org.openqa.selenium.remote.RemoteWebDriver.findElementByXPath(RemoteWebDriver.java:513)
	at org.openqa.selenium.By$ByXPath.findElement(By.java:361)
	at org.openqa.selenium.remote.RemoteWebDriver.findElement(RemoteWebDriver.java:406)
	at annaProjects.SampleTestNgTest.checkDiscardButton(SampleTestNgTest.java:272)
... Removed 32 stack frames</div></td></tr></table><p class="totop"><a href="#summary">back to summary</a></p><h3 id="m4">annaProjects.SampleTestNgTest#checkDiscardSignBallot</h3><table class="result"><tr><th>Exception</th></tr><tr><td><div class="stacktrace">org.openqa.selenium.NoSuchElementException: no such element: Unable to locate element: {&quot;method&quot;:&quot;xpath&quot;,&quot;selector&quot;:&quot;//*[text()=&apos;Your Unsigned Ballot&apos;]&quot;}
  (Session info: chrome=63.0.3239.84)
  (Driver info: chromedriver=2.34.522940 (1a76f96f66e3ca7b8e57d503b4dd3bccfba87af1),platform=Windows NT 10.0.14393 x86_64) (WARNING: The server did not provide any stacktrace information)
Command duration or timeout: 0 milliseconds
For documentation on this error, please visit: http://seleniumhq.org/exceptions/no_such_element.html
Build info: version: &apos;3.5.1&apos;, revision: &apos;9c21bb67ef&apos;, time: &apos;2017-08-17T15:26:08.955Z&apos;
System info: host: &apos;NB-181&apos;, ip: &apos;192.168.56.1&apos;, os.name: &apos;Windows 10&apos;, os.arch: &apos;amd64&apos;, os.version: &apos;10.0&apos;, java.version: &apos;1.8.0_151&apos;
Driver info: org.openqa.selenium.chrome.ChromeDriver
Capabilities [{applicationCacheEnabled=false, rotatable=false, mobileEmulationEnabled=false, networkConnectionEnabled=false, chrome={chromedriverVersion=2.34.522940 (1a76f96f66e3ca7b8e57d503b4dd3bccfba87af1), userDataDir=C:\Users\apetrova\AppData\Local\Temp\scoped_dir47304_28151}, takesHeapSnapshot=true, pageLoadStrategy=normal, unhandledPromptBehavior=, databaseEnabled=false, handlesAlerts=true, hasTouchScreen=false, version=63.0.3239.84, platform=XP, browserConnectionEnabled=false, nativeEvents=true, acceptSslCerts=true, locationContextEnabled=true, webStorageEnabled=true, browserName=chrome, takesScreenshot=true, javascriptEnabled=true, cssSelectorsEnabled=true, setWindowRect=true, unexpectedAlertBehaviour=}]
Session ID: 79fba84ac2bb410a88d153bdcc9f35b9
*** Element info: {Using=xpath, value=//*[text()=&apos;Your Unsigned Ballot&apos;]}
	at org.openqa.selenium.remote.ErrorHandler.createThrowable(ErrorHandler.java:215)
	at org.openqa.selenium.remote.ErrorHandler.throwIfResponseFailed(ErrorHandler.java:167)
	at org.openqa.selenium.remote.http.JsonHttpResponseCodec.reconstructValue(JsonHttpResponseCodec.java:40)
	at org.openqa.selenium.remote.http.AbstractHttpResponseCodec.decode(AbstractHttpResponseCodec.java:82)
	at org.openqa.selenium.remote.http.AbstractHttpResponseCodec.decode(AbstractHttpResponseCodec.java:45)
	at org.openqa.selenium.remote.HttpCommandExecutor.execute(HttpCommandExecutor.java:164)
	at org.openqa.selenium.remote.service.DriverCommandExecutor.execute(DriverCommandExecutor.java:82)
	at org.openqa.selenium.remote.RemoteWebDriver.execute(RemoteWebDriver.java:641)
	at org.openqa.selenium.remote.RemoteWebDriver.findElement(RemoteWebDriver.java:414)
	at org.openqa.selenium.remote.RemoteWebDriver.findElementByXPath(RemoteWebDriver.java:513)
	at org.openqa.selenium.By$ByXPath.findElement(By.java:361)
	at org.openqa.selenium.remote.RemoteWebDriver.findElement(RemoteWebDriver.java:406)
	at annaProjects.pages.UnsignedBallotPage.ballotPageTitle(UnsignedBallotPage.java:31)
	at annaProjects.SampleTestNgTest.checkDiscardSignBallot(SampleTestNgTest.java:365)
... Removed 32 stack frames</div></td></tr></table><p class="totop"><a href="#summary">back to summary</a></p><h3 id="m5">annaProjects.SampleTestNgTest#checkHilClintonDetails</h3><table class="result"><tr><th>Exception</th></tr><tr><td><div class="stacktrace">org.openqa.selenium.TimeoutException: Expected condition failed: waiting for element to be clickable: By.className: confirm-choise-block-addition-link (tried for 30 second(s) with 500 MILLISECONDS interval)
Build info: version: &apos;3.5.1&apos;, revision: &apos;9c21bb67ef&apos;, time: &apos;2017-08-17T15:26:08.955Z&apos;
System info: host: &apos;NB-181&apos;, ip: &apos;192.168.56.1&apos;, os.name: &apos;Windows 10&apos;, os.arch: &apos;amd64&apos;, os.version: &apos;10.0&apos;, java.version: &apos;1.8.0_151&apos;
Driver info: org.openqa.selenium.chrome.ChromeDriver
Capabilities [{applicationCacheEnabled=false, rotatable=false, mobileEmulationEnabled=false, networkConnectionEnabled=false, chrome={chromedriverVersion=2.34.522940 (1a76f96f66e3ca7b8e57d503b4dd3bccfba87af1), userDataDir=C:\Users\apetrova\AppData\Local\Temp\scoped_dir44432_8676}, takesHeapSnapshot=true, pageLoadStrategy=normal, unhandledPromptBehavior=, databaseEnabled=false, handlesAlerts=true, hasTouchScreen=false, version=63.0.3239.84, platform=XP, browserConnectionEnabled=false, nativeEvents=true, acceptSslCerts=true, locationContextEnabled=true, webStorageEnabled=true, browserName=chrome, takesScreenshot=true, javascriptEnabled=true, cssSelectorsEnabled=true, setWindowRect=true, unexpectedAlertBehaviour=}]
Session ID: 7f2ac90dd516b8967668d8af171967e0
	at org.openqa.selenium.support.ui.WebDriverWait.timeoutException(WebDriverWait.java:80)
	at org.openqa.selenium.support.ui.FluentWait.until(FluentWait.java:232)
	at annaProjects.pages.CandidatesPage.checkCandidatePage(CandidatesPage.java:53)
	at annaProjects.SampleTestNgTest.checkHilClintonDetails(SampleTestNgTest.java:197)
... Removed 28 stack frames</div></td></tr></table><p class="totop"><a href="#summary">back to summary</a></p><h3 id="m6">annaProjects.SampleTestNgTest#checkNoSecretPinInput</h3><table class="result"><tr><th>Exception</th></tr><tr><td><div class="stacktrace">org.openqa.selenium.TimeoutException: Expected condition failed: waiting for element to be clickable: By.xpath: //*[text()=&apos;Warning, input your secret PIN2 (tried for 10 second(s) with 500 MILLISECONDS interval)
	at org.openqa.selenium.support.ui.WebDriverWait.timeoutException(WebDriverWait.java:80)
	at org.openqa.selenium.support.ui.FluentWait.until(FluentWait.java:232)
	at annaProjects.SampleTestNgTest.checkNoSecretPinInput(SampleTestNgTest.java:379)
Caused by: org.openqa.selenium.InvalidSelectorException: invalid selector: Unable to locate an element with the xpath expression //*[text()=&apos;Warning, input your secret PIN2 because of the following error:
SyntaxError: Failed to execute &apos;evaluate&apos; on &apos;Document&apos;: The string &apos;//*[text()=&apos;Warning, input your secret PIN2&apos; is not a valid XPath expression.
  (Session info: chrome=63.0.3239.84)
  (Driver info: chromedriver=2.34.522940 (1a76f96f66e3ca7b8e57d503b4dd3bccfba87af1),platform=Windows NT 10.0.14393 x86_64) (WARNING: The server did not provide any stacktrace information)
Command duration or timeout: 0 milliseconds
For documentation on this error, please visit: http://seleniumhq.org/exceptions/invalid_selector_exception.html
Build info: version: &apos;3.5.1&apos;, revision: &apos;9c21bb67ef&apos;, time: &apos;2017-08-17T15:26:08.955Z&apos;
System info: host: &apos;NB-181&apos;, ip: &apos;192.168.56.1&apos;, os.name: &apos;Windows 10&apos;, os.arch: &apos;amd64&apos;, os.version: &apos;10.0&apos;, java.version: &apos;1.8.0_151&apos;
Driver info: org.openqa.selenium.chrome.ChromeDriver
Capabilities [{applicationCacheEnabled=false, rotatable=false, mobileEmulationEnabled=false, networkConnectionEnabled=false, chrome={chromedriverVersion=2.34.522940 (1a76f96f66e3ca7b8e57d503b4dd3bccfba87af1), userDataDir=C:\Users\apetrova\AppData\Local\Temp\scoped_dir47656_28791}, takesHeapSnapshot=true, pageLoadStrategy=normal, unhandledPromptBehavior=, databaseEnabled=false, handlesAlerts=true, hasTouchScreen=false, version=63.0.3239.84, platform=XP, browserConnectionEnabled=false, nativeEvents=true, acceptSslCerts=true, locationContextEnabled=true, webStorageEnabled=true, browserName=chrome, takesScreenshot=true, javascriptEnabled=true, cssSelectorsEnabled=true, setWindowRect=true, unexpectedAlertBehaviour=}]
Session ID: f5688db84f130439cccf0ab3a804c96d
*** Element info: {Using=xpath, value=//*[text()=&apos;Warning, input your secret PIN2}
	at org.openqa.selenium.remote.ErrorHandler.createThrowable(ErrorHandler.java:215)
	at org.openqa.selenium.remote.ErrorHandler.throwIfResponseFailed(ErrorHandler.java:167)
	at org.openqa.selenium.remote.http.JsonHttpResponseCodec.reconstructValue(JsonHttpResponseCodec.java:40)
	at org.openqa.selenium.remote.http.AbstractHttpResponseCodec.decode(AbstractHttpResponseCodec.java:82)
	at org.openqa.selenium.remote.http.AbstractHttpResponseCodec.decode(AbstractHttpResponseCodec.java:45)
	at org.openqa.selenium.remote.HttpCommandExecutor.execute(HttpCommandExecutor.java:164)
	at org.openqa.selenium.remote.service.DriverCommandExecutor.execute(DriverCommandExecutor.java:82)
	at org.openqa.selenium.remote.RemoteWebDriver.execute(RemoteWebDriver.java:641)
	at org.openqa.selenium.remote.RemoteWebDriver.findElements(RemoteWebDriver.java:441)
	at org.openqa.selenium.remote.RemoteWebDriver.findElementsByXPath(RemoteWebDriver.java:517)
	at org.openqa.selenium.By$ByXPath.findElements(By.java:356)
	at org.openqa.selenium.remote.RemoteWebDriver.findElements(RemoteWebDriver.java:402)
	at org.openqa.selenium.support.ui.ExpectedConditions.findElement(ExpectedConditions.java:882)
	at org.openqa.selenium.support.ui.ExpectedConditions.access$000(ExpectedConditions.java:44)
	at org.openqa.selenium.support.ui.ExpectedConditions$7.apply(ExpectedConditions.java:206)
	at org.openqa.selenium.support.ui.ExpectedConditions$7.apply(ExpectedConditions.java:202)
	at org.openqa.selenium.support.ui.ExpectedConditions$22.apply(ExpectedConditions.java:644)
	at org.openqa.selenium.support.ui.ExpectedConditions$22.apply(ExpectedConditions.java:641)
	at org.openqa.selenium.support.ui.FluentWait.until(FluentWait.java:209)
	... 29 more
... Removed 31 stack frames</div></td></tr></table><p class="totop"><a href="#summary">back to summary</a></p><h3 id="m7">annaProjects.SampleTestNgTest#checkReturnFromDecrBallot</h3><table class="result"><tr><th>Exception</th></tr><tr><td><div class="stacktrace">org.openqa.selenium.NoSuchElementException: no such element: Unable to locate element: {&quot;method&quot;:&quot;class name&quot;,&quot;selector&quot;:&quot;app-content-header&quot;}
  (Session info: chrome=63.0.3239.84)
  (Driver info: chromedriver=2.34.522940 (1a76f96f66e3ca7b8e57d503b4dd3bccfba87af1),platform=Windows NT 10.0.14393 x86_64) (WARNING: The server did not provide any stacktrace information)
Command duration or timeout: 0 milliseconds
For documentation on this error, please visit: http://seleniumhq.org/exceptions/no_such_element.html
Build info: version: &apos;3.5.1&apos;, revision: &apos;9c21bb67ef&apos;, time: &apos;2017-08-17T15:26:08.955Z&apos;
System info: host: &apos;NB-181&apos;, ip: &apos;192.168.56.1&apos;, os.name: &apos;Windows 10&apos;, os.arch: &apos;amd64&apos;, os.version: &apos;10.0&apos;, java.version: &apos;1.8.0_151&apos;
Driver info: org.openqa.selenium.chrome.ChromeDriver
Capabilities [{applicationCacheEnabled=false, rotatable=false, mobileEmulationEnabled=false, networkConnectionEnabled=false, chrome={chromedriverVersion=2.34.522940 (1a76f96f66e3ca7b8e57d503b4dd3bccfba87af1), userDataDir=C:\Users\apetrova\AppData\Local\Temp\scoped_dir47756_10149}, takesHeapSnapshot=true, pageLoadStrategy=normal, unhandledPromptBehavior=, databaseEnabled=false, handlesAlerts=true, hasTouchScreen=false, version=63.0.3239.84, platform=XP, browserConnectionEnabled=false, nativeEvents=true, acceptSslCerts=true, locationContextEnabled=true, webStorageEnabled=true, browserName=chrome, takesScreenshot=true, javascriptEnabled=true, cssSelectorsEnabled=true, setWindowRect=true, unexpectedAlertBehaviour=}]
Session ID: c6fe8346919ee534788cbbe9920c45da
*** Element info: {Using=class name, value=app-content-header}
	at org.openqa.selenium.remote.ErrorHandler.createThrowable(ErrorHandler.java:215)
	at org.openqa.selenium.remote.ErrorHandler.throwIfResponseFailed(ErrorHandler.java:167)
	at org.openqa.selenium.remote.http.JsonHttpResponseCodec.reconstructValue(JsonHttpResponseCodec.java:40)
	at org.openqa.selenium.remote.http.AbstractHttpResponseCodec.decode(AbstractHttpResponseCodec.java:82)
	at org.openqa.selenium.remote.http.AbstractHttpResponseCodec.decode(AbstractHttpResponseCodec.java:45)
	at org.openqa.selenium.remote.HttpCommandExecutor.execute(HttpCommandExecutor.java:164)
	at org.openqa.selenium.remote.service.DriverCommandExecutor.execute(DriverCommandExecutor.java:82)
	at org.openqa.selenium.remote.RemoteWebDriver.execute(RemoteWebDriver.java:641)
	at org.openqa.selenium.remote.RemoteWebDriver.findElement(RemoteWebDriver.java:414)
	at org.openqa.selenium.remote.RemoteWebDriver.findElementByClassName(RemoteWebDriver.java:497)
	at org.openqa.selenium.By$ByClassName.findElement(By.java:391)
	at org.openqa.selenium.remote.RemoteWebDriver.findElement(RemoteWebDriver.java:406)
	at annaProjects.SampleTestNgTest.checkReturnFromDecrBallot(SampleTestNgTest.java:396)
... Removed 32 stack frames</div></td></tr></table><p class="totop"><a href="#summary">back to summary</a></p><h3 id="m8">annaProjects.SampleTestNgTest#checkSaveBallotDetails</h3><table class="result"><tr><th>Exception</th></tr><tr><td><div class="stacktrace">org.openqa.selenium.NoAlertPresentException: no alert open
  (Session info: chrome=63.0.3239.84)
  (Driver info: chromedriver=2.34.522940 (1a76f96f66e3ca7b8e57d503b4dd3bccfba87af1),platform=Windows NT 10.0.14393 x86_64) (WARNING: The server did not provide any stacktrace information)
Command duration or timeout: 0 milliseconds
Build info: version: &apos;3.5.1&apos;, revision: &apos;9c21bb67ef&apos;, time: &apos;2017-08-17T15:26:08.955Z&apos;
System info: host: &apos;NB-181&apos;, ip: &apos;192.168.56.1&apos;, os.name: &apos;Windows 10&apos;, os.arch: &apos;amd64&apos;, os.version: &apos;10.0&apos;, java.version: &apos;1.8.0_151&apos;
Driver info: org.openqa.selenium.chrome.ChromeDriver
Capabilities [{applicationCacheEnabled=false, rotatable=false, mobileEmulationEnabled=false, networkConnectionEnabled=false, chrome={chromedriverVersion=2.34.522940 (1a76f96f66e3ca7b8e57d503b4dd3bccfba87af1), userDataDir=C:\Users\apetrova\AppData\Local\Temp\scoped_dir47888_13699}, takesHeapSnapshot=true, pageLoadStrategy=normal, unhandledPromptBehavior=, databaseEnabled=false, handlesAlerts=true, hasTouchScreen=false, version=63.0.3239.84, platform=XP, browserConnectionEnabled=false, nativeEvents=true, acceptSslCerts=true, locationContextEnabled=true, webStorageEnabled=true, browserName=chrome, takesScreenshot=true, javascriptEnabled=true, cssSelectorsEnabled=true, setWindowRect=true, unexpectedAlertBehaviour=}]
Session ID: 02687e08206b2f9a907e1bd4c2453c82
	at org.openqa.selenium.remote.ErrorHandler.createThrowable(ErrorHandler.java:215)
	at org.openqa.selenium.remote.ErrorHandler.throwIfResponseFailed(ErrorHandler.java:167)
	at org.openqa.selenium.remote.http.JsonHttpResponseCodec.reconstructValue(JsonHttpResponseCodec.java:40)
	at org.openqa.selenium.remote.http.AbstractHttpResponseCodec.decode(AbstractHttpResponseCodec.java:82)
	at org.openqa.selenium.remote.http.AbstractHttpResponseCodec.decode(AbstractHttpResponseCodec.java:45)
	at org.openqa.selenium.remote.HttpCommandExecutor.execute(HttpCommandExecutor.java:164)
	at org.openqa.selenium.remote.service.DriverCommandExecutor.execute(DriverCommandExecutor.java:82)
	at org.openqa.selenium.remote.RemoteWebDriver.execute(RemoteWebDriver.java:641)
	at org.openqa.selenium.remote.RemoteWebDriver.execute(RemoteWebDriver.java:698)
	at org.openqa.selenium.remote.RemoteWebDriver$RemoteTargetLocator.alert(RemoteWebDriver.java:1024)
	at annaProjects.SampleTestNgTest.checkSaveBallotDetails(SampleTestNgTest.java:284)
... Removed 32 stack frames</div></td></tr></table><p class="totop"><a href="#summary">back to summary</a></p><h3 id="m9">annaProjects.SampleTestNgTest#checkSaveDecrBallot</h3><table class="result"><tr><th>Exception</th></tr><tr><td><div class="stacktrace">java.lang.AssertionError: expected [ballot is saved] but found [full ballot encryption details]
	at annaProjects.SampleTestNgTest.checkSaveDecrBallot(SampleTestNgTest.java:412)
... Removed 34 stack frames</div></td></tr></table><p class="totop"><a href="#summary">back to summary</a></p><h3 id="m10">annaProjects.SampleTestNgTest#checkTrumpLegislationDetails</h3><table class="result"><tr><th>Exception</th></tr><tr><td><div class="stacktrace">java.lang.AssertionError: expected [Information about elections in US is available on webpage] but found [information about elections in estonia is available on webpage]
	at annaProjects.SampleTestNgTest.checkTrumpLegislationDetails(SampleTestNgTest.java:211)
... Removed 34 stack frames</div></td></tr></table><p class="totop"><a href="#summary">back to summary</a></p><h3 id="m11">annaProjects.SampleTestNgTest#verifyMonitoringHelpButton</h3><table class="result"><tr><th>Exception</th></tr><tr><td><div class="stacktrace">java.lang.AssertionError: expected [false] but found [true]
	at annaProjects.SampleTestNgTest.verifyMonitoringHelpButton(SampleTestNgTest.java:103)
... Removed 32 stack frames</div></td></tr></table><p class="totop"><a href="#summary">back to summary</a></p><h3 id="m12">annaProjects.SampleTestNgTest#verifySettingsButton</h3><table class="result"><tr><th>Exception</th></tr><tr><td><div class="stacktrace">java.lang.AssertionError: expected [false] but found [true]
	at annaProjects.SampleTestNgTest.verifySettingsButton(SampleTestNgTest.java:119)
... Removed 32 stack frames</div></td></tr></table><p class="totop"><a href="#summary">back to summary</a></p><h3 id="m13">annaProjects.SampleTestNgTest#verifyUncheckedButtons</h3><table class="result"><tr><th>Exception</th></tr><tr><td><div class="stacktrace">java.lang.AssertionError: expected [checker] but found [checker active]
	at annaProjects.SampleTestNgTest.verifyUncheckedButtons(SampleTestNgTest.java:129)
... Removed 34 stack frames</div></td></tr></table><p class="totop"><a href="#summary">back to summary</a></p><h3 id="m14">annaProjects.SampleTestNgTest#verifyVotingHelpButton</h3><table class="result"><tr><th>Exception</th></tr><tr><td><div class="stacktrace">java.lang.AssertionError: expected [false] but found [true]
	at annaProjects.SampleTestNgTest.verifyVotingHelpButton(SampleTestNgTest.java:97)
... Removed 32 stack frames</div></td></tr></table><p class="totop"><a href="#summary">back to summary</a></p><h3 id="m15">annaProjects.SampleTestNgTest#checkBallotPage</h3><table class="result"></table><p class="totop"><a href="#summary">back to summary</a></p><h3 id="m16">annaProjects.SampleTestNgTest#checkCancelInLegislation</h3><table class="result"></table><p class="totop"><a href="#summary">back to summary</a></p><h3 id="m17">annaProjects.SampleTestNgTest#checkCrossButtonInLegislation</h3><table class="result"></table><p class="totop"><a href="#summary">back to summary</a></p><h3 id="m18">annaProjects.SampleTestNgTest#checkDecryptCancel</h3><table class="result"></table><p class="totop"><a href="#summary">back to summary</a></p><h3 id="m19">annaProjects.SampleTestNgTest#checkDecryptConfirm</h3><table class="result"></table><p class="totop"><a href="#summary">back to summary</a></p><h3 id="m20">annaProjects.SampleTestNgTest#checkEstoniaElectionType</h3><table class="result"></table><p class="totop"><a href="#summary">back to summary</a></p><h3 id="m21">annaProjects.SampleTestNgTest#checkSignBallot</h3><table class="result"></table><p class="totop"><a href="#summary">back to summary</a></p><h3 id="m22">annaProjects.SampleTestNgTest#checkSignBallotCancel</h3><table class="result"></table><p class="totop"><a href="#summary">back to summary</a></p><h3 id="m23">annaProjects.SampleTestNgTest#checkSubmitSignedBallotWithEmail</h3><table class="result"></table><p class="totop"><a href="#summary">back to summary</a></p><h3 id="m24">annaProjects.SampleTestNgTest#checkUSElectionType</h3><table class="result"></table><p class="totop"><a href="#summary">back to summary</a></p><h3 id="m25">annaProjects.SampleTestNgTest#checkVoteButtonVoitingPage</h3><table class="result"></table><p class="totop"><a href="#summary">back to summary</a></p><h3 id="m26">annaProjects.SampleTestNgTest#verifyAppHeader</h3><table class="result"></table><p class="totop"><a href="#summary">back to summary</a></p><h3 id="m27">annaProjects.SampleTestNgTest#verifyAppSubHeader</h3><table class="result"></table><p class="totop"><a href="#summary">back to summary</a></p><h3 id="m28">annaProjects.SampleTestNgTest#verifyBottomMonitorButton</h3><table class="result"></table><p class="totop"><a href="#summary">back to summary</a></p><h3 id="m29">annaProjects.SampleTestNgTest#verifyBottomVoitButton</h3><table class="result"></table><p class="totop"><a href="#summary">back to summary</a></p><h3 id="m30">annaProjects.SampleTestNgTest#verifyReturnButtMonitorPage</h3><table class="result"></table><p class="totop"><a href="#summary">back to summary</a></p><h3 id="m31">annaProjects.SampleTestNgTest#verifyReturnButtVoitingPage</h3><table class="result"></table><p class="totop"><a href="#summary">back to summary</a></p><h3 id="m32">annaProjects.SampleTestNgTest#verifyStartPageIsLoaded</h3><table class="result"></table><p class="totop"><a href="#summary">back to summary</a></p><h3 id="m33">annaProjects.SampleTestNgTest#voitInEllectionPageIsLoaded</h3><table class="result"></table><p class="totop"><a href="#summary">back to summary</a></p><h3 id="m34">annaProjects.SampleTestNgTest#voitInMonitorProcessPageIsLoaded</h3><table class="result"></table><p class="totop"><a href="#summary">back to summary</a></p></body></html>