<?xml version="1.0" encoding="UTF-8"?>
<testng-results skipped="0" failed="15" ignored="0" total="35" passed="20">
  <reporter-output>
  </reporter-output>
  <suite name="Tests" duration-ms="365825" started-at="2018-01-22T21:43:13Z" finished-at="2018-01-22T21:49:18Z">
    <groups>
    </groups>
    <test name="Test1" duration-ms="365825" started-at="2018-01-22T21:43:13Z" finished-at="2018-01-22T21:49:18Z">
      <class name="annaProjects.SampleTestNgTest">
        <test-method status="PASS" signature="initWebDriver()[pri:0, instance:annaProjects.SampleTestNgTest@5a61f5df]" name="initWebDriver" is-config="true" duration-ms="2387" started-at="2018-01-22T23:43:13Z" finished-at="2018-01-22T23:43:15Z">
          <reporter-output>
          </reporter-output>
        </test-method> <!-- initWebDriver -->
        <test-method status="PASS" signature="verifyStartPageIsLoaded()[pri:0, instance:annaProjects.SampleTestNgTest@5a61f5df]" name="verifyStartPageIsLoaded" duration-ms="3857" started-at="2018-01-22T23:43:15Z" finished-at="2018-01-22T23:43:19Z">
          <reporter-output>
          </reporter-output>
        </test-method> <!-- verifyStartPageIsLoaded -->
        <test-method status="PASS" signature="driverClose()[pri:0, instance:annaProjects.SampleTestNgTest@5a61f5df]" name="driverClose" is-config="true" duration-ms="2110" started-at="2018-01-22T23:43:19Z" finished-at="2018-01-22T23:43:21Z">
          <reporter-output>
          </reporter-output>
        </test-method> <!-- driverClose -->
        <test-method status="PASS" signature="initWebDriver()[pri:0, instance:annaProjects.SampleTestNgTest@5a61f5df]" name="initWebDriver" is-config="true" duration-ms="1731" started-at="2018-01-22T23:43:21Z" finished-at="2018-01-22T23:43:23Z">
          <reporter-output>
          </reporter-output>
        </test-method> <!-- initWebDriver -->
        <test-method status="FAIL" signature="checkBlockChainExplorer()[pri:1, instance:annaProjects.SampleTestNgTest@5a61f5df]" name="checkBlockChainExplorer" duration-ms="7641" started-at="2018-01-22T23:43:23Z" finished-at="2018-01-22T23:43:30Z">
          <exception class="java.lang.AssertionError">
            <message>
              <![CDATA[expected [true] but found [false]]]>
            </message>
            <full-stacktrace>
              <![CDATA[java.lang.AssertionError: expected [true] but found [false]
	at org.testng.Assert.fail(Assert.java:93)
	at org.testng.Assert.failNotEquals(Assert.java:512)
	at org.testng.Assert.assertTrue(Assert.java:41)
	at org.testng.Assert.assertTrue(Assert.java:51)
	at annaProjects.SampleTestNgTest.checkBlockChainExplorer(SampleTestNgTest.java:448)
	at sun.reflect.NativeMethodAccessorImpl.invoke0(Native Method)
	at sun.reflect.NativeMethodAccessorImpl.invoke(NativeMethodAccessorImpl.java:62)
	at sun.reflect.DelegatingMethodAccessorImpl.invoke(DelegatingMethodAccessorImpl.java:43)
	at java.lang.reflect.Method.invoke(Method.java:498)
	at org.testng.internal.MethodInvocationHelper.invokeMethod(MethodInvocationHelper.java:108)
	at org.testng.internal.Invoker.invokeMethod(Invoker.java:661)
	at org.testng.internal.Invoker.invokeTestMethod(Invoker.java:869)
	at org.testng.internal.Invoker.invokeTestMethods(Invoker.java:1193)
	at org.testng.internal.TestMethodWorker.invokeTestMethods(TestMethodWorker.java:126)
	at org.testng.internal.TestMethodWorker.run(TestMethodWorker.java:109)
	at org.testng.TestRunner.privateRun(TestRunner.java:744)
	at org.testng.TestRunner.run(TestRunner.java:602)
	at org.testng.SuiteRunner.runTest(SuiteRunner.java:380)
	at org.testng.SuiteRunner.runSequentially(SuiteRunner.java:375)
	at org.testng.SuiteRunner.privateRun(SuiteRunner.java:340)
	at org.testng.SuiteRunner.run(SuiteRunner.java:289)
	at org.testng.SuiteRunnerWorker.runSuite(SuiteRunnerWorker.java:52)
	at org.testng.SuiteRunnerWorker.run(SuiteRunnerWorker.java:86)
	at org.testng.TestNG.runSuitesSequentially(TestNG.java:1301)
	at org.testng.TestNG.runSuitesLocally(TestNG.java:1226)
	at org.testng.TestNG.runSuites(TestNG.java:1144)
	at org.testng.TestNG.run(TestNG.java:1115)
	at org.apache.maven.surefire.testng.TestNGExecutor.run(TestNGExecutor.java:283)
	at org.apache.maven.surefire.testng.TestNGXmlTestSuite.execute(TestNGXmlTestSuite.java:75)
	at org.apache.maven.surefire.testng.TestNGProvider.invoke(TestNGProvider.java:120)
	at org.apache.maven.surefire.booter.ForkedBooter.invokeProviderInSameClassLoader(ForkedBooter.java:386)
	at org.apache.maven.surefire.booter.ForkedBooter.runSuitesInProcess(ForkedBooter.java:323)
	at org.apache.maven.surefire.booter.ForkedBooter.main(ForkedBooter.java:143)
]]>
            </full-stacktrace>
          </exception> <!-- java.lang.AssertionError -->
          <reporter-output>
          </reporter-output>
        </test-method> <!-- checkBlockChainExplorer -->
        <test-method status="PASS" signature="driverClose()[pri:0, instance:annaProjects.SampleTestNgTest@5a61f5df]" name="driverClose" is-config="true" duration-ms="134" started-at="2018-01-22T23:43:30Z" finished-at="2018-01-22T23:43:31Z">
          <reporter-output>
          </reporter-output>
        </test-method> <!-- driverClose -->
        <test-method status="PASS" signature="initWebDriver()[pri:0, instance:annaProjects.SampleTestNgTest@5a61f5df]" name="initWebDriver" is-config="true" duration-ms="1709" started-at="2018-01-22T23:43:31Z" finished-at="2018-01-22T23:43:32Z">
          <reporter-output>
          </reporter-output>
        </test-method> <!-- initWebDriver -->
        <test-method status="PASS" signature="verifyAppHeader()[pri:2, instance:annaProjects.SampleTestNgTest@5a61f5df]" name="verifyAppHeader" duration-ms="3952" started-at="2018-01-22T23:43:32Z" finished-at="2018-01-22T23:43:36Z">
          <reporter-output>
          </reporter-output>
        </test-method> <!-- verifyAppHeader -->
        <test-method status="PASS" signature="driverClose()[pri:0, instance:annaProjects.SampleTestNgTest@5a61f5df]" name="driverClose" is-config="true" duration-ms="240" started-at="2018-01-22T23:43:36Z" finished-at="2018-01-22T23:43:36Z">
          <reporter-output>
          </reporter-output>
        </test-method> <!-- driverClose -->
        <test-method status="PASS" signature="initWebDriver()[pri:0, instance:annaProjects.SampleTestNgTest@5a61f5df]" name="initWebDriver" is-config="true" duration-ms="1693" started-at="2018-01-22T23:43:36Z" finished-at="2018-01-22T23:43:38Z">
          <reporter-output>
          </reporter-output>
        </test-method> <!-- initWebDriver -->
        <test-method status="PASS" signature="verifyAppSubHeader()[pri:3, instance:annaProjects.SampleTestNgTest@5a61f5df]" name="verifyAppSubHeader" duration-ms="3703" started-at="2018-01-22T23:43:38Z" finished-at="2018-01-22T23:43:42Z">
          <reporter-output>
          </reporter-output>
        </test-method> <!-- verifyAppSubHeader -->
        <test-method status="PASS" signature="driverClose()[pri:0, instance:annaProjects.SampleTestNgTest@5a61f5df]" name="driverClose" is-config="true" duration-ms="256" started-at="2018-01-22T23:43:42Z" finished-at="2018-01-22T23:43:42Z">
          <reporter-output>
          </reporter-output>
        </test-method> <!-- driverClose -->
        <test-method status="PASS" signature="initWebDriver()[pri:0, instance:annaProjects.SampleTestNgTest@5a61f5df]" name="initWebDriver" is-config="true" duration-ms="1723" started-at="2018-01-22T23:43:42Z" finished-at="2018-01-22T23:43:44Z">
          <reporter-output>
          </reporter-output>
        </test-method> <!-- initWebDriver -->
        <test-method status="PASS" signature="voitInEllectionPageIsLoaded()[pri:4, instance:annaProjects.SampleTestNgTest@5a61f5df]" name="voitInEllectionPageIsLoaded" duration-ms="4095" started-at="2018-01-22T23:43:44Z" finished-at="2018-01-22T23:43:48Z">
          <reporter-output>
          </reporter-output>
        </test-method> <!-- voitInEllectionPageIsLoaded -->
        <test-method status="PASS" signature="driverClose()[pri:0, instance:annaProjects.SampleTestNgTest@5a61f5df]" name="driverClose" is-config="true" duration-ms="97" started-at="2018-01-22T23:43:48Z" finished-at="2018-01-22T23:43:48Z">
          <reporter-output>
          </reporter-output>
        </test-method> <!-- driverClose -->
        <test-method status="PASS" signature="initWebDriver()[pri:0, instance:annaProjects.SampleTestNgTest@5a61f5df]" name="initWebDriver" is-config="true" duration-ms="1732" started-at="2018-01-22T23:43:48Z" finished-at="2018-01-22T23:43:50Z">
          <reporter-output>
          </reporter-output>
        </test-method> <!-- initWebDriver -->
        <test-method status="PASS" signature="voitInMonitorProcessPageIsLoaded()[pri:5, instance:annaProjects.SampleTestNgTest@5a61f5df]" name="voitInMonitorProcessPageIsLoaded" duration-ms="5070" started-at="2018-01-22T23:43:50Z" finished-at="2018-01-22T23:43:55Z">
          <reporter-output>
          </reporter-output>
        </test-method> <!-- voitInMonitorProcessPageIsLoaded -->
        <test-method status="PASS" signature="driverClose()[pri:0, instance:annaProjects.SampleTestNgTest@5a61f5df]" name="driverClose" is-config="true" duration-ms="221" started-at="2018-01-22T23:43:55Z" finished-at="2018-01-22T23:43:55Z">
          <reporter-output>
          </reporter-output>
        </test-method> <!-- driverClose -->
        <test-method status="PASS" signature="initWebDriver()[pri:0, instance:annaProjects.SampleTestNgTest@5a61f5df]" name="initWebDriver" is-config="true" duration-ms="1682" started-at="2018-01-22T23:43:55Z" finished-at="2018-01-22T23:43:57Z">
          <reporter-output>
          </reporter-output>
        </test-method> <!-- initWebDriver -->
        <test-method status="PASS" signature="verifyReturnButtVoitingPage()[pri:6, instance:annaProjects.SampleTestNgTest@5a61f5df]" name="verifyReturnButtVoitingPage" duration-ms="4081" started-at="2018-01-22T23:43:57Z" finished-at="2018-01-22T23:44:01Z">
          <reporter-output>
          </reporter-output>
        </test-method> <!-- verifyReturnButtVoitingPage -->
        <test-method status="PASS" signature="driverClose()[pri:0, instance:annaProjects.SampleTestNgTest@5a61f5df]" name="driverClose" is-config="true" duration-ms="189" started-at="2018-01-22T23:44:01Z" finished-at="2018-01-22T23:44:01Z">
          <reporter-output>
          </reporter-output>
        </test-method> <!-- driverClose -->
        <test-method status="PASS" signature="initWebDriver()[pri:0, instance:annaProjects.SampleTestNgTest@5a61f5df]" name="initWebDriver" is-config="true" duration-ms="1780" started-at="2018-01-22T23:44:01Z" finished-at="2018-01-22T23:44:03Z">
          <reporter-output>
          </reporter-output>
        </test-method> <!-- initWebDriver -->
        <test-method status="PASS" signature="verifyReturnButtMonitorPage()[pri:7, instance:annaProjects.SampleTestNgTest@5a61f5df]" name="verifyReturnButtMonitorPage" duration-ms="4449" started-at="2018-01-22T23:44:03Z" finished-at="2018-01-22T23:44:07Z">
          <reporter-output>
          </reporter-output>
        </test-method> <!-- verifyReturnButtMonitorPage -->
        <test-method status="PASS" signature="driverClose()[pri:0, instance:annaProjects.SampleTestNgTest@5a61f5df]" name="driverClose" is-config="true" duration-ms="182" started-at="2018-01-22T23:44:07Z" finished-at="2018-01-22T23:44:07Z">
          <reporter-output>
          </reporter-output>
        </test-method> <!-- driverClose -->
        <test-method status="PASS" signature="initWebDriver()[pri:0, instance:annaProjects.SampleTestNgTest@5a61f5df]" name="initWebDriver" is-config="true" duration-ms="1781" started-at="2018-01-22T23:44:07Z" finished-at="2018-01-22T23:44:09Z">
          <reporter-output>
          </reporter-output>
        </test-method> <!-- initWebDriver -->
        <test-method status="FAIL" signature="verifyVotingHelpButton()[pri:8, instance:annaProjects.SampleTestNgTest@5a61f5df]" name="verifyVotingHelpButton" duration-ms="4036" started-at="2018-01-22T23:44:09Z" finished-at="2018-01-22T23:44:13Z">
          <exception class="java.lang.AssertionError">
            <message>
              <![CDATA[expected [false] but found [true]]]>
            </message>
            <full-stacktrace>
              <![CDATA[java.lang.AssertionError: expected [false] but found [true]
	at org.testng.Assert.fail(Assert.java:93)
	at org.testng.Assert.failNotEquals(Assert.java:512)
	at org.testng.Assert.assertFalse(Assert.java:62)
	at org.testng.Assert.assertFalse(Assert.java:72)
	at annaProjects.SampleTestNgTest.verifyVotingHelpButton(SampleTestNgTest.java:97)
	at sun.reflect.NativeMethodAccessorImpl.invoke0(Native Method)
	at sun.reflect.NativeMethodAccessorImpl.invoke(NativeMethodAccessorImpl.java:62)
	at sun.reflect.DelegatingMethodAccessorImpl.invoke(DelegatingMethodAccessorImpl.java:43)
	at java.lang.reflect.Method.invoke(Method.java:498)
	at org.testng.internal.MethodInvocationHelper.invokeMethod(MethodInvocationHelper.java:108)
	at org.testng.internal.Invoker.invokeMethod(Invoker.java:661)
	at org.testng.internal.Invoker.invokeTestMethod(Invoker.java:869)
	at org.testng.internal.Invoker.invokeTestMethods(Invoker.java:1193)
	at org.testng.internal.TestMethodWorker.invokeTestMethods(TestMethodWorker.java:126)
	at org.testng.internal.TestMethodWorker.run(TestMethodWorker.java:109)
	at org.testng.TestRunner.privateRun(TestRunner.java:744)
	at org.testng.TestRunner.run(TestRunner.java:602)
	at org.testng.SuiteRunner.runTest(SuiteRunner.java:380)
	at org.testng.SuiteRunner.runSequentially(SuiteRunner.java:375)
	at org.testng.SuiteRunner.privateRun(SuiteRunner.java:340)
	at org.testng.SuiteRunner.run(SuiteRunner.java:289)
	at org.testng.SuiteRunnerWorker.runSuite(SuiteRunnerWorker.java:52)
	at org.testng.SuiteRunnerWorker.run(SuiteRunnerWorker.java:86)
	at org.testng.TestNG.runSuitesSequentially(TestNG.java:1301)
	at org.testng.TestNG.runSuitesLocally(TestNG.java:1226)
	at org.testng.TestNG.runSuites(TestNG.java:1144)
	at org.testng.TestNG.run(TestNG.java:1115)
	at org.apache.maven.surefire.testng.TestNGExecutor.run(TestNGExecutor.java:283)
	at org.apache.maven.surefire.testng.TestNGXmlTestSuite.execute(TestNGXmlTestSuite.java:75)
	at org.apache.maven.surefire.testng.TestNGProvider.invoke(TestNGProvider.java:120)
	at org.apache.maven.surefire.booter.ForkedBooter.invokeProviderInSameClassLoader(ForkedBooter.java:386)
	at org.apache.maven.surefire.booter.ForkedBooter.runSuitesInProcess(ForkedBooter.java:323)
	at org.apache.maven.surefire.booter.ForkedBooter.main(ForkedBooter.java:143)
]]>
            </full-stacktrace>
          </exception> <!-- java.lang.AssertionError -->
          <reporter-output>
          </reporter-output>
        </test-method> <!-- verifyVotingHelpButton -->
        <test-method status="PASS" signature="driverClose()[pri:0, instance:annaProjects.SampleTestNgTest@5a61f5df]" name="driverClose" is-config="true" duration-ms="204" started-at="2018-01-22T23:44:13Z" finished-at="2018-01-22T23:44:13Z">
          <reporter-output>
          </reporter-output>
        </test-method> <!-- driverClose -->
        <test-method status="PASS" signature="initWebDriver()[pri:0, instance:annaProjects.SampleTestNgTest@5a61f5df]" name="initWebDriver" is-config="true" duration-ms="1696" started-at="2018-01-22T23:44:13Z" finished-at="2018-01-22T23:44:15Z">
          <reporter-output>
          </reporter-output>
        </test-method> <!-- initWebDriver -->
        <test-method status="FAIL" signature="verifyMonitoringHelpButton()[pri:9, instance:annaProjects.SampleTestNgTest@5a61f5df]" name="verifyMonitoringHelpButton" duration-ms="3794" started-at="2018-01-22T23:44:15Z" finished-at="2018-01-22T23:44:19Z">
          <exception class="java.lang.AssertionError">
            <message>
              <![CDATA[expected [false] but found [true]]]>
            </message>
            <full-stacktrace>
              <![CDATA[java.lang.AssertionError: expected [false] but found [true]
	at org.testng.Assert.fail(Assert.java:93)
	at org.testng.Assert.failNotEquals(Assert.java:512)
	at org.testng.Assert.assertFalse(Assert.java:62)
	at org.testng.Assert.assertFalse(Assert.java:72)
	at annaProjects.SampleTestNgTest.verifyMonitoringHelpButton(SampleTestNgTest.java:103)
	at sun.reflect.NativeMethodAccessorImpl.invoke0(Native Method)
	at sun.reflect.NativeMethodAccessorImpl.invoke(NativeMethodAccessorImpl.java:62)
	at sun.reflect.DelegatingMethodAccessorImpl.invoke(DelegatingMethodAccessorImpl.java:43)
	at java.lang.reflect.Method.invoke(Method.java:498)
	at org.testng.internal.MethodInvocationHelper.invokeMethod(MethodInvocationHelper.java:108)
	at org.testng.internal.Invoker.invokeMethod(Invoker.java:661)
	at org.testng.internal.Invoker.invokeTestMethod(Invoker.java:869)
	at org.testng.internal.Invoker.invokeTestMethods(Invoker.java:1193)
	at org.testng.internal.TestMethodWorker.invokeTestMethods(TestMethodWorker.java:126)
	at org.testng.internal.TestMethodWorker.run(TestMethodWorker.java:109)
	at org.testng.TestRunner.privateRun(TestRunner.java:744)
	at org.testng.TestRunner.run(TestRunner.java:602)
	at org.testng.SuiteRunner.runTest(SuiteRunner.java:380)
	at org.testng.SuiteRunner.runSequentially(SuiteRunner.java:375)
	at org.testng.SuiteRunner.privateRun(SuiteRunner.java:340)
	at org.testng.SuiteRunner.run(SuiteRunner.java:289)
	at org.testng.SuiteRunnerWorker.runSuite(SuiteRunnerWorker.java:52)
	at org.testng.SuiteRunnerWorker.run(SuiteRunnerWorker.java:86)
	at org.testng.TestNG.runSuitesSequentially(TestNG.java:1301)
	at org.testng.TestNG.runSuitesLocally(TestNG.java:1226)
	at org.testng.TestNG.runSuites(TestNG.java:1144)
	at org.testng.TestNG.run(TestNG.java:1115)
	at org.apache.maven.surefire.testng.TestNGExecutor.run(TestNGExecutor.java:283)
	at org.apache.maven.surefire.testng.TestNGXmlTestSuite.execute(TestNGXmlTestSuite.java:75)
	at org.apache.maven.surefire.testng.TestNGProvider.invoke(TestNGProvider.java:120)
	at org.apache.maven.surefire.booter.ForkedBooter.invokeProviderInSameClassLoader(ForkedBooter.java:386)
	at org.apache.maven.surefire.booter.ForkedBooter.runSuitesInProcess(ForkedBooter.java:323)
	at org.apache.maven.surefire.booter.ForkedBooter.main(ForkedBooter.java:143)
]]>
            </full-stacktrace>
          </exception> <!-- java.lang.AssertionError -->
          <reporter-output>
          </reporter-output>
        </test-method> <!-- verifyMonitoringHelpButton -->
        <test-method status="PASS" signature="driverClose()[pri:0, instance:annaProjects.SampleTestNgTest@5a61f5df]" name="driverClose" is-config="true" duration-ms="230" started-at="2018-01-22T23:44:19Z" finished-at="2018-01-22T23:44:19Z">
          <reporter-output>
          </reporter-output>
        </test-method> <!-- driverClose -->
        <test-method status="PASS" signature="initWebDriver()[pri:0, instance:annaProjects.SampleTestNgTest@5a61f5df]" name="initWebDriver" is-config="true" duration-ms="1766" started-at="2018-01-22T23:44:19Z" finished-at="2018-01-22T23:44:21Z">
          <reporter-output>
          </reporter-output>
        </test-method> <!-- initWebDriver -->
        <test-method status="PASS" signature="verifyBottomMonitorButton()[pri:10, instance:annaProjects.SampleTestNgTest@5a61f5df]" name="verifyBottomMonitorButton" duration-ms="4038" started-at="2018-01-22T23:44:21Z" finished-at="2018-01-22T23:44:25Z">
          <reporter-output>
          </reporter-output>
        </test-method> <!-- verifyBottomMonitorButton -->
        <test-method status="PASS" signature="driverClose()[pri:0, instance:annaProjects.SampleTestNgTest@5a61f5df]" name="driverClose" is-config="true" duration-ms="237" started-at="2018-01-22T23:44:25Z" finished-at="2018-01-22T23:44:25Z">
          <reporter-output>
          </reporter-output>
        </test-method> <!-- driverClose -->
        <test-method status="PASS" signature="initWebDriver()[pri:0, instance:annaProjects.SampleTestNgTest@5a61f5df]" name="initWebDriver" is-config="true" duration-ms="2252" started-at="2018-01-22T23:44:25Z" finished-at="2018-01-22T23:44:27Z">
          <reporter-output>
          </reporter-output>
        </test-method> <!-- initWebDriver -->
        <test-method status="PASS" signature="verifyBottomVoitButton()[pri:11, instance:annaProjects.SampleTestNgTest@5a61f5df]" name="verifyBottomVoitButton" duration-ms="4015" started-at="2018-01-22T23:44:27Z" finished-at="2018-01-22T23:44:31Z">
          <reporter-output>
          </reporter-output>
        </test-method> <!-- verifyBottomVoitButton -->
        <test-method status="PASS" signature="driverClose()[pri:0, instance:annaProjects.SampleTestNgTest@5a61f5df]" name="driverClose" is-config="true" duration-ms="190" started-at="2018-01-22T23:44:31Z" finished-at="2018-01-22T23:44:32Z">
          <reporter-output>
          </reporter-output>
        </test-method> <!-- driverClose -->
        <test-method status="PASS" signature="initWebDriver()[pri:0, instance:annaProjects.SampleTestNgTest@5a61f5df]" name="initWebDriver" is-config="true" duration-ms="1741" started-at="2018-01-22T23:44:32Z" finished-at="2018-01-22T23:44:33Z">
          <reporter-output>
          </reporter-output>
        </test-method> <!-- initWebDriver -->
        <test-method status="FAIL" signature="verifySettingsButton()[pri:12, instance:annaProjects.SampleTestNgTest@5a61f5df]" name="verifySettingsButton" duration-ms="4213" started-at="2018-01-22T23:44:33Z" finished-at="2018-01-22T23:44:38Z">
          <exception class="java.lang.AssertionError">
            <message>
              <![CDATA[expected [false] but found [true]]]>
            </message>
            <full-stacktrace>
              <![CDATA[java.lang.AssertionError: expected [false] but found [true]
	at org.testng.Assert.fail(Assert.java:93)
	at org.testng.Assert.failNotEquals(Assert.java:512)
	at org.testng.Assert.assertFalse(Assert.java:62)
	at org.testng.Assert.assertFalse(Assert.java:72)
	at annaProjects.SampleTestNgTest.verifySettingsButton(SampleTestNgTest.java:119)
	at sun.reflect.NativeMethodAccessorImpl.invoke0(Native Method)
	at sun.reflect.NativeMethodAccessorImpl.invoke(NativeMethodAccessorImpl.java:62)
	at sun.reflect.DelegatingMethodAccessorImpl.invoke(DelegatingMethodAccessorImpl.java:43)
	at java.lang.reflect.Method.invoke(Method.java:498)
	at org.testng.internal.MethodInvocationHelper.invokeMethod(MethodInvocationHelper.java:108)
	at org.testng.internal.Invoker.invokeMethod(Invoker.java:661)
	at org.testng.internal.Invoker.invokeTestMethod(Invoker.java:869)
	at org.testng.internal.Invoker.invokeTestMethods(Invoker.java:1193)
	at org.testng.internal.TestMethodWorker.invokeTestMethods(TestMethodWorker.java:126)
	at org.testng.internal.TestMethodWorker.run(TestMethodWorker.java:109)
	at org.testng.TestRunner.privateRun(TestRunner.java:744)
	at org.testng.TestRunner.run(TestRunner.java:602)
	at org.testng.SuiteRunner.runTest(SuiteRunner.java:380)
	at org.testng.SuiteRunner.runSequentially(SuiteRunner.java:375)
	at org.testng.SuiteRunner.privateRun(SuiteRunner.java:340)
	at org.testng.SuiteRunner.run(SuiteRunner.java:289)
	at org.testng.SuiteRunnerWorker.runSuite(SuiteRunnerWorker.java:52)
	at org.testng.SuiteRunnerWorker.run(SuiteRunnerWorker.java:86)
	at org.testng.TestNG.runSuitesSequentially(TestNG.java:1301)
	at org.testng.TestNG.runSuitesLocally(TestNG.java:1226)
	at org.testng.TestNG.runSuites(TestNG.java:1144)
	at org.testng.TestNG.run(TestNG.java:1115)
	at org.apache.maven.surefire.testng.TestNGExecutor.run(TestNGExecutor.java:283)
	at org.apache.maven.surefire.testng.TestNGXmlTestSuite.execute(TestNGXmlTestSuite.java:75)
	at org.apache.maven.surefire.testng.TestNGProvider.invoke(TestNGProvider.java:120)
	at org.apache.maven.surefire.booter.ForkedBooter.invokeProviderInSameClassLoader(ForkedBooter.java:386)
	at org.apache.maven.surefire.booter.ForkedBooter.runSuitesInProcess(ForkedBooter.java:323)
	at org.apache.maven.surefire.booter.ForkedBooter.main(ForkedBooter.java:143)
]]>
            </full-stacktrace>
          </exception> <!-- java.lang.AssertionError -->
          <reporter-output>
          </reporter-output>
        </test-method> <!-- verifySettingsButton -->
        <test-method status="PASS" signature="driverClose()[pri:0, instance:annaProjects.SampleTestNgTest@5a61f5df]" name="driverClose" is-config="true" duration-ms="166" started-at="2018-01-22T23:44:38Z" finished-at="2018-01-22T23:44:38Z">
          <reporter-output>
          </reporter-output>
        </test-method> <!-- driverClose -->
        <test-method status="PASS" signature="initWebDriver()[pri:0, instance:annaProjects.SampleTestNgTest@5a61f5df]" name="initWebDriver" is-config="true" duration-ms="1769" started-at="2018-01-22T23:44:38Z" finished-at="2018-01-22T23:44:40Z">
          <reporter-output>
          </reporter-output>
        </test-method> <!-- initWebDriver -->
        <test-method status="FAIL" signature="verifyUncheckedButtons()[pri:13, instance:annaProjects.SampleTestNgTest@5a61f5df]" name="verifyUncheckedButtons" duration-ms="4013" started-at="2018-01-22T23:44:40Z" finished-at="2018-01-22T23:44:44Z">
          <exception class="java.lang.AssertionError">
            <message>
              <![CDATA[expected [checker] but found [checker active]]]>
            </message>
            <full-stacktrace>
              <![CDATA[java.lang.AssertionError: expected [checker] but found [checker active]
	at org.testng.Assert.fail(Assert.java:93)
	at org.testng.Assert.failNotEquals(Assert.java:512)
	at org.testng.Assert.assertEqualsImpl(Assert.java:134)
	at org.testng.Assert.assertEquals(Assert.java:115)
	at org.testng.Assert.assertEquals(Assert.java:189)
	at org.testng.Assert.assertEquals(Assert.java:199)
	at annaProjects.SampleTestNgTest.verifyUncheckedButtons(SampleTestNgTest.java:129)
	at sun.reflect.NativeMethodAccessorImpl.invoke0(Native Method)
	at sun.reflect.NativeMethodAccessorImpl.invoke(NativeMethodAccessorImpl.java:62)
	at sun.reflect.DelegatingMethodAccessorImpl.invoke(DelegatingMethodAccessorImpl.java:43)
	at java.lang.reflect.Method.invoke(Method.java:498)
	at org.testng.internal.MethodInvocationHelper.invokeMethod(MethodInvocationHelper.java:108)
	at org.testng.internal.Invoker.invokeMethod(Invoker.java:661)
	at org.testng.internal.Invoker.invokeTestMethod(Invoker.java:869)
	at org.testng.internal.Invoker.invokeTestMethods(Invoker.java:1193)
	at org.testng.internal.TestMethodWorker.invokeTestMethods(TestMethodWorker.java:126)
	at org.testng.internal.TestMethodWorker.run(TestMethodWorker.java:109)
	at org.testng.TestRunner.privateRun(TestRunner.java:744)
	at org.testng.TestRunner.run(TestRunner.java:602)
	at org.testng.SuiteRunner.runTest(SuiteRunner.java:380)
	at org.testng.SuiteRunner.runSequentially(SuiteRunner.java:375)
	at org.testng.SuiteRunner.privateRun(SuiteRunner.java:340)
	at org.testng.SuiteRunner.run(SuiteRunner.java:289)
	at org.testng.SuiteRunnerWorker.runSuite(SuiteRunnerWorker.java:52)
	at org.testng.SuiteRunnerWorker.run(SuiteRunnerWorker.java:86)
	at org.testng.TestNG.runSuitesSequentially(TestNG.java:1301)
	at org.testng.TestNG.runSuitesLocally(TestNG.java:1226)
	at org.testng.TestNG.runSuites(TestNG.java:1144)
	at org.testng.TestNG.run(TestNG.java:1115)
	at org.apache.maven.surefire.testng.TestNGExecutor.run(TestNGExecutor.java:283)
	at org.apache.maven.surefire.testng.TestNGXmlTestSuite.execute(TestNGXmlTestSuite.java:75)
	at org.apache.maven.surefire.testng.TestNGProvider.invoke(TestNGProvider.java:120)
	at org.apache.maven.surefire.booter.ForkedBooter.invokeProviderInSameClassLoader(ForkedBooter.java:386)
	at org.apache.maven.surefire.booter.ForkedBooter.runSuitesInProcess(ForkedBooter.java:323)
	at org.apache.maven.surefire.booter.ForkedBooter.main(ForkedBooter.java:143)
]]>
            </full-stacktrace>
          </exception> <!-- java.lang.AssertionError -->
          <reporter-output>
          </reporter-output>
        </test-method> <!-- verifyUncheckedButtons -->
        <test-method status="PASS" signature="driverClose()[pri:0, instance:annaProjects.SampleTestNgTest@5a61f5df]" name="driverClose" is-config="true" duration-ms="219" started-at="2018-01-22T23:44:44Z" finished-at="2018-01-22T23:44:44Z">
          <reporter-output>
          </reporter-output>
        </test-method> <!-- driverClose -->
        <test-method status="PASS" signature="initWebDriver()[pri:0, instance:annaProjects.SampleTestNgTest@5a61f5df]" name="initWebDriver" is-config="true" duration-ms="1740" started-at="2018-01-22T23:44:44Z" finished-at="2018-01-22T23:44:46Z">
          <reporter-output>
          </reporter-output>
        </test-method> <!-- initWebDriver -->
        <test-method status="PASS" signature="checkUSElectionType()[pri:14, instance:annaProjects.SampleTestNgTest@5a61f5df]" name="checkUSElectionType" duration-ms="4317" started-at="2018-01-22T23:44:46Z" finished-at="2018-01-22T23:44:50Z">
          <reporter-output>
          </reporter-output>
        </test-method> <!-- checkUSElectionType -->
        <test-method status="PASS" signature="driverClose()[pri:0, instance:annaProjects.SampleTestNgTest@5a61f5df]" name="driverClose" is-config="true" duration-ms="171" started-at="2018-01-22T23:44:50Z" finished-at="2018-01-22T23:44:50Z">
          <reporter-output>
          </reporter-output>
        </test-method> <!-- driverClose -->
        <test-method status="PASS" signature="initWebDriver()[pri:0, instance:annaProjects.SampleTestNgTest@5a61f5df]" name="initWebDriver" is-config="true" duration-ms="1680" started-at="2018-01-22T23:44:50Z" finished-at="2018-01-22T23:44:52Z">
          <reporter-output>
          </reporter-output>
        </test-method> <!-- initWebDriver -->
        <test-method status="PASS" signature="checkEstoniaElectionType()[pri:15, instance:annaProjects.SampleTestNgTest@5a61f5df]" name="checkEstoniaElectionType" duration-ms="4275" started-at="2018-01-22T23:44:52Z" finished-at="2018-01-22T23:44:56Z">
          <reporter-output>
          </reporter-output>
        </test-method> <!-- checkEstoniaElectionType -->
        <test-method status="PASS" signature="driverClose()[pri:0, instance:annaProjects.SampleTestNgTest@5a61f5df]" name="driverClose" is-config="true" duration-ms="183" started-at="2018-01-22T23:44:56Z" finished-at="2018-01-22T23:44:56Z">
          <reporter-output>
          </reporter-output>
        </test-method> <!-- driverClose -->
        <test-method status="PASS" signature="initWebDriver()[pri:0, instance:annaProjects.SampleTestNgTest@5a61f5df]" name="initWebDriver" is-config="true" duration-ms="1680" started-at="2018-01-22T23:44:56Z" finished-at="2018-01-22T23:44:58Z">
          <reporter-output>
          </reporter-output>
        </test-method> <!-- initWebDriver -->
        <test-method status="PASS" signature="checkVoteButtonVoitingPage()[pri:16, instance:annaProjects.SampleTestNgTest@5a61f5df]" name="checkVoteButtonVoitingPage" duration-ms="4565" started-at="2018-01-22T23:44:58Z" finished-at="2018-01-22T23:45:02Z">
          <reporter-output>
          </reporter-output>
        </test-method> <!-- checkVoteButtonVoitingPage -->
        <test-method status="PASS" signature="driverClose()[pri:0, instance:annaProjects.SampleTestNgTest@5a61f5df]" name="driverClose" is-config="true" duration-ms="183" started-at="2018-01-22T23:45:02Z" finished-at="2018-01-22T23:45:03Z">
          <reporter-output>
          </reporter-output>
        </test-method> <!-- driverClose -->
        <test-method status="PASS" signature="initWebDriver()[pri:0, instance:annaProjects.SampleTestNgTest@5a61f5df]" name="initWebDriver" is-config="true" duration-ms="1766" started-at="2018-01-22T23:45:03Z" finished-at="2018-01-22T23:45:04Z">
          <reporter-output>
          </reporter-output>
        </test-method> <!-- initWebDriver -->
        <test-method status="FAIL" signature="checkDTrumpDetails()[pri:17, instance:annaProjects.SampleTestNgTest@5a61f5df]" name="checkDTrumpDetails" duration-ms="34889" started-at="2018-01-22T23:45:04Z" finished-at="2018-01-22T23:45:39Z">
          <exception class="org.openqa.selenium.TimeoutException">
            <message>
              <![CDATA[Expected condition failed: waiting for element to be clickable: By.className: confirm-choise-block-addition-link (tried for 30 second(s) with 500 MILLISECONDS interval)
Build info: version: '3.5.1', revision: '9c21bb67ef', time: '2017-08-17T15:26:08.955Z'
System info: host: 'NB-181', ip: '192.168.56.1', os.name: 'Windows 10', os.arch: 'amd64', os.version: '10.0', java.version: '1.8.0_151'
Driver info: org.openqa.selenium.chrome.ChromeDriver
Capabilities [{applicationCacheEnabled=false, rotatable=false, mobileEmulationEnabled=false, networkConnectionEnabled=false, chrome={chromedriverVersion=2.34.522940 (1a76f96f66e3ca7b8e57d503b4dd3bccfba87af1), userDataDir=C:\Users\apetrova\AppData\Local\Temp\scoped_dir39320_215}, takesHeapSnapshot=true, pageLoadStrategy=normal, unhandledPromptBehavior=, databaseEnabled=false, handlesAlerts=true, hasTouchScreen=false, version=63.0.3239.84, platform=XP, browserConnectionEnabled=false, nativeEvents=true, acceptSslCerts=true, locationContextEnabled=true, webStorageEnabled=true, browserName=chrome, takesScreenshot=true, javascriptEnabled=true, cssSelectorsEnabled=true, setWindowRect=true, unexpectedAlertBehaviour=}]
Session ID: 09528548b37d39ba21b96bcf8a9ec7a7]]>
            </message>
            <full-stacktrace>
              <![CDATA[org.openqa.selenium.TimeoutException: Expected condition failed: waiting for element to be clickable: By.className: confirm-choise-block-addition-link (tried for 30 second(s) with 500 MILLISECONDS interval)
Build info: version: '3.5.1', revision: '9c21bb67ef', time: '2017-08-17T15:26:08.955Z'
System info: host: 'NB-181', ip: '192.168.56.1', os.name: 'Windows 10', os.arch: 'amd64', os.version: '10.0', java.version: '1.8.0_151'
Driver info: org.openqa.selenium.chrome.ChromeDriver
Capabilities [{applicationCacheEnabled=false, rotatable=false, mobileEmulationEnabled=false, networkConnectionEnabled=false, chrome={chromedriverVersion=2.34.522940 (1a76f96f66e3ca7b8e57d503b4dd3bccfba87af1), userDataDir=C:\Users\apetrova\AppData\Local\Temp\scoped_dir39320_215}, takesHeapSnapshot=true, pageLoadStrategy=normal, unhandledPromptBehavior=, databaseEnabled=false, handlesAlerts=true, hasTouchScreen=false, version=63.0.3239.84, platform=XP, browserConnectionEnabled=false, nativeEvents=true, acceptSslCerts=true, locationContextEnabled=true, webStorageEnabled=true, browserName=chrome, takesScreenshot=true, javascriptEnabled=true, cssSelectorsEnabled=true, setWindowRect=true, unexpectedAlertBehaviour=}]
Session ID: 09528548b37d39ba21b96bcf8a9ec7a7
	at org.openqa.selenium.support.ui.WebDriverWait.timeoutException(WebDriverWait.java:80)
	at org.openqa.selenium.support.ui.FluentWait.until(FluentWait.java:232)
	at annaProjects.pages.CandidatesPage.checkCandidatePage(CandidatesPage.java:53)
	at annaProjects.SampleTestNgTest.checkDTrumpDetails(SampleTestNgTest.java:184)
	at sun.reflect.NativeMethodAccessorImpl.invoke0(Native Method)
	at sun.reflect.NativeMethodAccessorImpl.invoke(NativeMethodAccessorImpl.java:62)
	at sun.reflect.DelegatingMethodAccessorImpl.invoke(DelegatingMethodAccessorImpl.java:43)
	at java.lang.reflect.Method.invoke(Method.java:498)
	at org.testng.internal.MethodInvocationHelper.invokeMethod(MethodInvocationHelper.java:108)
	at org.testng.internal.Invoker.invokeMethod(Invoker.java:661)
	at org.testng.internal.Invoker.invokeTestMethod(Invoker.java:869)
	at org.testng.internal.Invoker.invokeTestMethods(Invoker.java:1193)
	at org.testng.internal.TestMethodWorker.invokeTestMethods(TestMethodWorker.java:126)
	at org.testng.internal.TestMethodWorker.run(TestMethodWorker.java:109)
	at org.testng.TestRunner.privateRun(TestRunner.java:744)
	at org.testng.TestRunner.run(TestRunner.java:602)
	at org.testng.SuiteRunner.runTest(SuiteRunner.java:380)
	at org.testng.SuiteRunner.runSequentially(SuiteRunner.java:375)
	at org.testng.SuiteRunner.privateRun(SuiteRunner.java:340)
	at org.testng.SuiteRunner.run(SuiteRunner.java:289)
	at org.testng.SuiteRunnerWorker.runSuite(SuiteRunnerWorker.java:52)
	at org.testng.SuiteRunnerWorker.run(SuiteRunnerWorker.java:86)
	at org.testng.TestNG.runSuitesSequentially(TestNG.java:1301)
	at org.testng.TestNG.runSuitesLocally(TestNG.java:1226)
	at org.testng.TestNG.runSuites(TestNG.java:1144)
	at org.testng.TestNG.run(TestNG.java:1115)
	at org.apache.maven.surefire.testng.TestNGExecutor.run(TestNGExecutor.java:283)
	at org.apache.maven.surefire.testng.TestNGXmlTestSuite.execute(TestNGXmlTestSuite.java:75)
	at org.apache.maven.surefire.testng.TestNGProvider.invoke(TestNGProvider.java:120)
	at org.apache.maven.surefire.booter.ForkedBooter.invokeProviderInSameClassLoader(ForkedBooter.java:386)
	at org.apache.maven.surefire.booter.ForkedBooter.runSuitesInProcess(ForkedBooter.java:323)
	at org.apache.maven.surefire.booter.ForkedBooter.main(ForkedBooter.java:143)
]]>
            </full-stacktrace>
          </exception> <!-- org.openqa.selenium.TimeoutException -->
          <reporter-output>
          </reporter-output>
        </test-method> <!-- checkDTrumpDetails -->
        <test-method status="PASS" signature="driverClose()[pri:0, instance:annaProjects.SampleTestNgTest@5a61f5df]" name="driverClose" is-config="true" duration-ms="10" started-at="2018-01-22T23:45:39Z" finished-at="2018-01-22T23:45:39Z">
          <reporter-output>
          </reporter-output>
        </test-method> <!-- driverClose -->
        <test-method status="PASS" signature="initWebDriver()[pri:0, instance:annaProjects.SampleTestNgTest@5a61f5df]" name="initWebDriver" is-config="true" duration-ms="1273" started-at="2018-01-22T23:45:39Z" finished-at="2018-01-22T23:45:41Z">
          <reporter-output>
          </reporter-output>
        </test-method> <!-- initWebDriver -->
        <test-method status="FAIL" signature="checkHilClintonDetails()[pri:18, instance:annaProjects.SampleTestNgTest@5a61f5df]" name="checkHilClintonDetails" duration-ms="35169" started-at="2018-01-22T23:45:41Z" finished-at="2018-01-22T23:46:16Z">
          <exception class="org.openqa.selenium.TimeoutException">
            <message>
              <![CDATA[Expected condition failed: waiting for element to be clickable: By.className: confirm-choise-block-addition-link (tried for 30 second(s) with 500 MILLISECONDS interval)
Build info: version: '3.5.1', revision: '9c21bb67ef', time: '2017-08-17T15:26:08.955Z'
System info: host: 'NB-181', ip: '192.168.56.1', os.name: 'Windows 10', os.arch: 'amd64', os.version: '10.0', java.version: '1.8.0_151'
Driver info: org.openqa.selenium.chrome.ChromeDriver
Capabilities [{applicationCacheEnabled=false, rotatable=false, mobileEmulationEnabled=false, networkConnectionEnabled=false, chrome={chromedriverVersion=2.34.522940 (1a76f96f66e3ca7b8e57d503b4dd3bccfba87af1), userDataDir=C:\Users\apetrova\AppData\Local\Temp\scoped_dir44432_8676}, takesHeapSnapshot=true, pageLoadStrategy=normal, unhandledPromptBehavior=, databaseEnabled=false, handlesAlerts=true, hasTouchScreen=false, version=63.0.3239.84, platform=XP, browserConnectionEnabled=false, nativeEvents=true, acceptSslCerts=true, locationContextEnabled=true, webStorageEnabled=true, browserName=chrome, takesScreenshot=true, javascriptEnabled=true, cssSelectorsEnabled=true, setWindowRect=true, unexpectedAlertBehaviour=}]
Session ID: 7f2ac90dd516b8967668d8af171967e0]]>
            </message>
            <full-stacktrace>
              <![CDATA[org.openqa.selenium.TimeoutException: Expected condition failed: waiting for element to be clickable: By.className: confirm-choise-block-addition-link (tried for 30 second(s) with 500 MILLISECONDS interval)
Build info: version: '3.5.1', revision: '9c21bb67ef', time: '2017-08-17T15:26:08.955Z'
System info: host: 'NB-181', ip: '192.168.56.1', os.name: 'Windows 10', os.arch: 'amd64', os.version: '10.0', java.version: '1.8.0_151'
Driver info: org.openqa.selenium.chrome.ChromeDriver
Capabilities [{applicationCacheEnabled=false, rotatable=false, mobileEmulationEnabled=false, networkConnectionEnabled=false, chrome={chromedriverVersion=2.34.522940 (1a76f96f66e3ca7b8e57d503b4dd3bccfba87af1), userDataDir=C:\Users\apetrova\AppData\Local\Temp\scoped_dir44432_8676}, takesHeapSnapshot=true, pageLoadStrategy=normal, unhandledPromptBehavior=, databaseEnabled=false, handlesAlerts=true, hasTouchScreen=false, version=63.0.3239.84, platform=XP, browserConnectionEnabled=false, nativeEvents=true, acceptSslCerts=true, locationContextEnabled=true, webStorageEnabled=true, browserName=chrome, takesScreenshot=true, javascriptEnabled=true, cssSelectorsEnabled=true, setWindowRect=true, unexpectedAlertBehaviour=}]
Session ID: 7f2ac90dd516b8967668d8af171967e0
	at org.openqa.selenium.support.ui.WebDriverWait.timeoutException(WebDriverWait.java:80)
	at org.openqa.selenium.support.ui.FluentWait.until(FluentWait.java:232)
	at annaProjects.pages.CandidatesPage.checkCandidatePage(CandidatesPage.java:53)
	at annaProjects.SampleTestNgTest.checkHilClintonDetails(SampleTestNgTest.java:197)
	at sun.reflect.NativeMethodAccessorImpl.invoke0(Native Method)
	at sun.reflect.NativeMethodAccessorImpl.invoke(NativeMethodAccessorImpl.java:62)
	at sun.reflect.DelegatingMethodAccessorImpl.invoke(DelegatingMethodAccessorImpl.java:43)
	at java.lang.reflect.Method.invoke(Method.java:498)
	at org.testng.internal.MethodInvocationHelper.invokeMethod(MethodInvocationHelper.java:108)
	at org.testng.internal.Invoker.invokeMethod(Invoker.java:661)
	at org.testng.internal.Invoker.invokeTestMethod(Invoker.java:869)
	at org.testng.internal.Invoker.invokeTestMethods(Invoker.java:1193)
	at org.testng.internal.TestMethodWorker.invokeTestMethods(TestMethodWorker.java:126)
	at org.testng.internal.TestMethodWorker.run(TestMethodWorker.java:109)
	at org.testng.TestRunner.privateRun(TestRunner.java:744)
	at org.testng.TestRunner.run(TestRunner.java:602)
	at org.testng.SuiteRunner.runTest(SuiteRunner.java:380)
	at org.testng.SuiteRunner.runSequentially(SuiteRunner.java:375)
	at org.testng.SuiteRunner.privateRun(SuiteRunner.java:340)
	at org.testng.SuiteRunner.run(SuiteRunner.java:289)
	at org.testng.SuiteRunnerWorker.runSuite(SuiteRunnerWorker.java:52)
	at org.testng.SuiteRunnerWorker.run(SuiteRunnerWorker.java:86)
	at org.testng.TestNG.runSuitesSequentially(TestNG.java:1301)
	at org.testng.TestNG.runSuitesLocally(TestNG.java:1226)
	at org.testng.TestNG.runSuites(TestNG.java:1144)
	at org.testng.TestNG.run(TestNG.java:1115)
	at org.apache.maven.surefire.testng.TestNGExecutor.run(TestNGExecutor.java:283)
	at org.apache.maven.surefire.testng.TestNGXmlTestSuite.execute(TestNGXmlTestSuite.java:75)
	at org.apache.maven.surefire.testng.TestNGProvider.invoke(TestNGProvider.java:120)
	at org.apache.maven.surefire.booter.ForkedBooter.invokeProviderInSameClassLoader(ForkedBooter.java:386)
	at org.apache.maven.surefire.booter.ForkedBooter.runSuitesInProcess(ForkedBooter.java:323)
	at org.apache.maven.surefire.booter.ForkedBooter.main(ForkedBooter.java:143)
]]>
            </full-stacktrace>
          </exception> <!-- org.openqa.selenium.TimeoutException -->
          <reporter-output>
          </reporter-output>
        </test-method> <!-- checkHilClintonDetails -->
        <test-method status="PASS" signature="driverClose()[pri:0, instance:annaProjects.SampleTestNgTest@5a61f5df]" name="driverClose" is-config="true" duration-ms="10" started-at="2018-01-22T23:46:16Z" finished-at="2018-01-22T23:46:16Z">
          <reporter-output>
          </reporter-output>
        </test-method> <!-- driverClose -->
        <test-method status="PASS" signature="initWebDriver()[pri:0, instance:annaProjects.SampleTestNgTest@5a61f5df]" name="initWebDriver" is-config="true" duration-ms="2990" started-at="2018-01-22T23:46:16Z" finished-at="2018-01-22T23:46:19Z">
          <reporter-output>
          </reporter-output>
        </test-method> <!-- initWebDriver -->
        <test-method status="FAIL" signature="checkTrumpLegislationDetails()[pri:19, instance:annaProjects.SampleTestNgTest@5a61f5df]" name="checkTrumpLegislationDetails" duration-ms="6852" started-at="2018-01-22T23:46:19Z" finished-at="2018-01-22T23:46:26Z">
          <exception class="java.lang.AssertionError">
            <message>
              <![CDATA[expected [Information about elections in US is available on webpage] but found [information about elections in estonia is available on webpage]]]>
            </message>
            <full-stacktrace>
              <![CDATA[java.lang.AssertionError: expected [Information about elections in US is available on webpage] but found [information about elections in estonia is available on webpage]
	at org.testng.Assert.fail(Assert.java:93)
	at org.testng.Assert.failNotEquals(Assert.java:512)
	at org.testng.Assert.assertEqualsImpl(Assert.java:134)
	at org.testng.Assert.assertEquals(Assert.java:115)
	at org.testng.Assert.assertEquals(Assert.java:189)
	at org.testng.Assert.assertEquals(Assert.java:199)
	at annaProjects.SampleTestNgTest.checkTrumpLegislationDetails(SampleTestNgTest.java:211)
	at sun.reflect.NativeMethodAccessorImpl.invoke0(Native Method)
	at sun.reflect.NativeMethodAccessorImpl.invoke(NativeMethodAccessorImpl.java:62)
	at sun.reflect.DelegatingMethodAccessorImpl.invoke(DelegatingMethodAccessorImpl.java:43)
	at java.lang.reflect.Method.invoke(Method.java:498)
	at org.testng.internal.MethodInvocationHelper.invokeMethod(MethodInvocationHelper.java:108)
	at org.testng.internal.Invoker.invokeMethod(Invoker.java:661)
	at org.testng.internal.Invoker.invokeTestMethod(Invoker.java:869)
	at org.testng.internal.Invoker.invokeTestMethods(Invoker.java:1193)
	at org.testng.internal.TestMethodWorker.invokeTestMethods(TestMethodWorker.java:126)
	at org.testng.internal.TestMethodWorker.run(TestMethodWorker.java:109)
	at org.testng.TestRunner.privateRun(TestRunner.java:744)
	at org.testng.TestRunner.run(TestRunner.java:602)
	at org.testng.SuiteRunner.runTest(SuiteRunner.java:380)
	at org.testng.SuiteRunner.runSequentially(SuiteRunner.java:375)
	at org.testng.SuiteRunner.privateRun(SuiteRunner.java:340)
	at org.testng.SuiteRunner.run(SuiteRunner.java:289)
	at org.testng.SuiteRunnerWorker.runSuite(SuiteRunnerWorker.java:52)
	at org.testng.SuiteRunnerWorker.run(SuiteRunnerWorker.java:86)
	at org.testng.TestNG.runSuitesSequentially(TestNG.java:1301)
	at org.testng.TestNG.runSuitesLocally(TestNG.java:1226)
	at org.testng.TestNG.runSuites(TestNG.java:1144)
	at org.testng.TestNG.run(TestNG.java:1115)
	at org.apache.maven.surefire.testng.TestNGExecutor.run(TestNGExecutor.java:283)
	at org.apache.maven.surefire.testng.TestNGXmlTestSuite.execute(TestNGXmlTestSuite.java:75)
	at org.apache.maven.surefire.testng.TestNGProvider.invoke(TestNGProvider.java:120)
	at org.apache.maven.surefire.booter.ForkedBooter.invokeProviderInSameClassLoader(ForkedBooter.java:386)
	at org.apache.maven.surefire.booter.ForkedBooter.runSuitesInProcess(ForkedBooter.java:323)
	at org.apache.maven.surefire.booter.ForkedBooter.main(ForkedBooter.java:143)
]]>
            </full-stacktrace>
          </exception> <!-- java.lang.AssertionError -->
          <reporter-output>
          </reporter-output>
        </test-method> <!-- checkTrumpLegislationDetails -->
        <test-method status="PASS" signature="driverClose()[pri:0, instance:annaProjects.SampleTestNgTest@5a61f5df]" name="driverClose" is-config="true" duration-ms="124" started-at="2018-01-22T23:46:26Z" finished-at="2018-01-22T23:46:26Z">
          <reporter-output>
          </reporter-output>
        </test-method> <!-- driverClose -->
        <test-method status="PASS" signature="initWebDriver()[pri:0, instance:annaProjects.SampleTestNgTest@5a61f5df]" name="initWebDriver" is-config="true" duration-ms="3665" started-at="2018-01-22T23:46:26Z" finished-at="2018-01-22T23:46:29Z">
          <reporter-output>
          </reporter-output>
        </test-method> <!-- initWebDriver -->
        <test-method status="FAIL" signature="checkCLintonLegislationDetails()[pri:20, instance:annaProjects.SampleTestNgTest@5a61f5df]" name="checkCLintonLegislationDetails" duration-ms="8918" started-at="2018-01-22T23:46:29Z" finished-at="2018-01-22T23:46:38Z">
          <exception class="java.lang.AssertionError">
            <message>
              <![CDATA[expected [Information about elections in US is available on webpage] but found [information about elections in estonia is available on webpage]]]>
            </message>
            <full-stacktrace>
              <![CDATA[java.lang.AssertionError: expected [Information about elections in US is available on webpage] but found [information about elections in estonia is available on webpage]
	at org.testng.Assert.fail(Assert.java:93)
	at org.testng.Assert.failNotEquals(Assert.java:512)
	at org.testng.Assert.assertEqualsImpl(Assert.java:134)
	at org.testng.Assert.assertEquals(Assert.java:115)
	at org.testng.Assert.assertEquals(Assert.java:189)
	at org.testng.Assert.assertEquals(Assert.java:199)
	at annaProjects.SampleTestNgTest.checkCLintonLegislationDetails(SampleTestNgTest.java:224)
	at sun.reflect.NativeMethodAccessorImpl.invoke0(Native Method)
	at sun.reflect.NativeMethodAccessorImpl.invoke(NativeMethodAccessorImpl.java:62)
	at sun.reflect.DelegatingMethodAccessorImpl.invoke(DelegatingMethodAccessorImpl.java:43)
	at java.lang.reflect.Method.invoke(Method.java:498)
	at org.testng.internal.MethodInvocationHelper.invokeMethod(MethodInvocationHelper.java:108)
	at org.testng.internal.Invoker.invokeMethod(Invoker.java:661)
	at org.testng.internal.Invoker.invokeTestMethod(Invoker.java:869)
	at org.testng.internal.Invoker.invokeTestMethods(Invoker.java:1193)
	at org.testng.internal.TestMethodWorker.invokeTestMethods(TestMethodWorker.java:126)
	at org.testng.internal.TestMethodWorker.run(TestMethodWorker.java:109)
	at org.testng.TestRunner.privateRun(TestRunner.java:744)
	at org.testng.TestRunner.run(TestRunner.java:602)
	at org.testng.SuiteRunner.runTest(SuiteRunner.java:380)
	at org.testng.SuiteRunner.runSequentially(SuiteRunner.java:375)
	at org.testng.SuiteRunner.privateRun(SuiteRunner.java:340)
	at org.testng.SuiteRunner.run(SuiteRunner.java:289)
	at org.testng.SuiteRunnerWorker.runSuite(SuiteRunnerWorker.java:52)
	at org.testng.SuiteRunnerWorker.run(SuiteRunnerWorker.java:86)
	at org.testng.TestNG.runSuitesSequentially(TestNG.java:1301)
	at org.testng.TestNG.runSuitesLocally(TestNG.java:1226)
	at org.testng.TestNG.runSuites(TestNG.java:1144)
	at org.testng.TestNG.run(TestNG.java:1115)
	at org.apache.maven.surefire.testng.TestNGExecutor.run(TestNGExecutor.java:283)
	at org.apache.maven.surefire.testng.TestNGXmlTestSuite.execute(TestNGXmlTestSuite.java:75)
	at org.apache.maven.surefire.testng.TestNGProvider.invoke(TestNGProvider.java:120)
	at org.apache.maven.surefire.booter.ForkedBooter.invokeProviderInSameClassLoader(ForkedBooter.java:386)
	at org.apache.maven.surefire.booter.ForkedBooter.runSuitesInProcess(ForkedBooter.java:323)
	at org.apache.maven.surefire.booter.ForkedBooter.main(ForkedBooter.java:143)
]]>
            </full-stacktrace>
          </exception> <!-- java.lang.AssertionError -->
          <reporter-output>
          </reporter-output>
        </test-method> <!-- checkCLintonLegislationDetails -->
        <test-method status="PASS" signature="driverClose()[pri:0, instance:annaProjects.SampleTestNgTest@5a61f5df]" name="driverClose" is-config="true" duration-ms="2085" started-at="2018-01-22T23:46:38Z" finished-at="2018-01-22T23:46:40Z">
          <reporter-output>
          </reporter-output>
        </test-method> <!-- driverClose -->
        <test-method status="PASS" signature="initWebDriver()[pri:0, instance:annaProjects.SampleTestNgTest@5a61f5df]" name="initWebDriver" is-config="true" duration-ms="2791" started-at="2018-01-22T23:46:40Z" finished-at="2018-01-22T23:46:43Z">
          <reporter-output>
          </reporter-output>
        </test-method> <!-- initWebDriver -->
        <test-method status="PASS" signature="checkCancelInLegislation()[pri:21, instance:annaProjects.SampleTestNgTest@5a61f5df]" name="checkCancelInLegislation" duration-ms="6683" started-at="2018-01-22T23:46:43Z" finished-at="2018-01-22T23:46:50Z">
          <reporter-output>
          </reporter-output>
        </test-method> <!-- checkCancelInLegislation -->
        <test-method status="PASS" signature="driverClose()[pri:0, instance:annaProjects.SampleTestNgTest@5a61f5df]" name="driverClose" is-config="true" duration-ms="324" started-at="2018-01-22T23:46:50Z" finished-at="2018-01-22T23:46:50Z">
          <reporter-output>
          </reporter-output>
        </test-method> <!-- driverClose -->
        <test-method status="PASS" signature="initWebDriver()[pri:0, instance:annaProjects.SampleTestNgTest@5a61f5df]" name="initWebDriver" is-config="true" duration-ms="2155" started-at="2018-01-22T23:46:50Z" finished-at="2018-01-22T23:46:52Z">
          <reporter-output>
          </reporter-output>
        </test-method> <!-- initWebDriver -->
        <test-method status="PASS" signature="checkCrossButtonInLegislation()[pri:22, instance:annaProjects.SampleTestNgTest@5a61f5df]" name="checkCrossButtonInLegislation" duration-ms="8357" started-at="2018-01-22T23:46:52Z" finished-at="2018-01-22T23:47:01Z">
          <reporter-output>
          </reporter-output>
        </test-method> <!-- checkCrossButtonInLegislation -->
        <test-method status="PASS" signature="driverClose()[pri:0, instance:annaProjects.SampleTestNgTest@5a61f5df]" name="driverClose" is-config="true" duration-ms="301" started-at="2018-01-22T23:47:01Z" finished-at="2018-01-22T23:47:01Z">
          <reporter-output>
          </reporter-output>
        </test-method> <!-- driverClose -->
        <test-method status="PASS" signature="initWebDriver()[pri:0, instance:annaProjects.SampleTestNgTest@5a61f5df]" name="initWebDriver" is-config="true" duration-ms="1724" started-at="2018-01-22T23:47:01Z" finished-at="2018-01-22T23:47:03Z">
          <reporter-output>
          </reporter-output>
        </test-method> <!-- initWebDriver -->
        <test-method status="PASS" signature="checkBallotPage()[pri:23, instance:annaProjects.SampleTestNgTest@5a61f5df]" name="checkBallotPage" duration-ms="5602" started-at="2018-01-22T23:47:03Z" finished-at="2018-01-22T23:47:08Z">
          <reporter-output>
          </reporter-output>
        </test-method> <!-- checkBallotPage -->
        <test-method status="PASS" signature="driverClose()[pri:0, instance:annaProjects.SampleTestNgTest@5a61f5df]" name="driverClose" is-config="true" duration-ms="201" started-at="2018-01-22T23:47:08Z" finished-at="2018-01-22T23:47:08Z">
          <reporter-output>
          </reporter-output>
        </test-method> <!-- driverClose -->
        <test-method status="PASS" signature="initWebDriver()[pri:0, instance:annaProjects.SampleTestNgTest@5a61f5df]" name="initWebDriver" is-config="true" duration-ms="1180" started-at="2018-01-22T23:47:08Z" finished-at="2018-01-22T23:47:10Z">
          <reporter-output>
          </reporter-output>
        </test-method> <!-- initWebDriver -->
        <test-method status="FAIL" signature="checkDiscardButton()[pri:24, instance:annaProjects.SampleTestNgTest@5a61f5df]" name="checkDiscardButton" duration-ms="16172" started-at="2018-01-22T23:47:10Z" finished-at="2018-01-22T23:47:26Z">
          <exception class="org.openqa.selenium.NoSuchElementException">
            <message>
              <![CDATA[no such element: Unable to locate element: {"method":"xpath","selector":"//*[text()='Candidates of Election']"}
  (Session info: chrome=63.0.3239.84)
  (Driver info: chromedriver=2.34.522940 (1a76f96f66e3ca7b8e57d503b4dd3bccfba87af1),platform=Windows NT 10.0.14393 x86_64) (WARNING: The server did not provide any stacktrace information)
Command duration or timeout: 0 milliseconds
For documentation on this error, please visit: http://seleniumhq.org/exceptions/no_such_element.html
Build info: version: '3.5.1', revision: '9c21bb67ef', time: '2017-08-17T15:26:08.955Z'
System info: host: 'NB-181', ip: '192.168.56.1', os.name: 'Windows 10', os.arch: 'amd64', os.version: '10.0', java.version: '1.8.0_151'
Driver info: org.openqa.selenium.chrome.ChromeDriver
Capabilities [{applicationCacheEnabled=false, rotatable=false, mobileEmulationEnabled=false, networkConnectionEnabled=false, chrome={chromedriverVersion=2.34.522940 (1a76f96f66e3ca7b8e57d503b4dd3bccfba87af1), userDataDir=C:\Users\apetrova\AppData\Local\Temp\scoped_dir47208_31602}, takesHeapSnapshot=true, pageLoadStrategy=normal, unhandledPromptBehavior=, databaseEnabled=false, handlesAlerts=true, hasTouchScreen=false, version=63.0.3239.84, platform=XP, browserConnectionEnabled=false, nativeEvents=true, acceptSslCerts=true, locationContextEnabled=true, webStorageEnabled=true, browserName=chrome, takesScreenshot=true, javascriptEnabled=true, cssSelectorsEnabled=true, setWindowRect=true, unexpectedAlertBehaviour=}]
Session ID: 8e8d0b2a8a447be26fcae933b1f2e134
*** Element info: {Using=xpath, value=//*[text()='Candidates of Election']}]]>
            </message>
            <full-stacktrace>
              <![CDATA[org.openqa.selenium.NoSuchElementException: no such element: Unable to locate element: {"method":"xpath","selector":"//*[text()='Candidates of Election']"}
  (Session info: chrome=63.0.3239.84)
  (Driver info: chromedriver=2.34.522940 (1a76f96f66e3ca7b8e57d503b4dd3bccfba87af1),platform=Windows NT 10.0.14393 x86_64) (WARNING: The server did not provide any stacktrace information)
Command duration or timeout: 0 milliseconds
For documentation on this error, please visit: http://seleniumhq.org/exceptions/no_such_element.html
Build info: version: '3.5.1', revision: '9c21bb67ef', time: '2017-08-17T15:26:08.955Z'
System info: host: 'NB-181', ip: '192.168.56.1', os.name: 'Windows 10', os.arch: 'amd64', os.version: '10.0', java.version: '1.8.0_151'
Driver info: org.openqa.selenium.chrome.ChromeDriver
Capabilities [{applicationCacheEnabled=false, rotatable=false, mobileEmulationEnabled=false, networkConnectionEnabled=false, chrome={chromedriverVersion=2.34.522940 (1a76f96f66e3ca7b8e57d503b4dd3bccfba87af1), userDataDir=C:\Users\apetrova\AppData\Local\Temp\scoped_dir47208_31602}, takesHeapSnapshot=true, pageLoadStrategy=normal, unhandledPromptBehavior=, databaseEnabled=false, handlesAlerts=true, hasTouchScreen=false, version=63.0.3239.84, platform=XP, browserConnectionEnabled=false, nativeEvents=true, acceptSslCerts=true, locationContextEnabled=true, webStorageEnabled=true, browserName=chrome, takesScreenshot=true, javascriptEnabled=true, cssSelectorsEnabled=true, setWindowRect=true, unexpectedAlertBehaviour=}]
Session ID: 8e8d0b2a8a447be26fcae933b1f2e134
*** Element info: {Using=xpath, value=//*[text()='Candidates of Election']}
	at sun.reflect.NativeConstructorAccessorImpl.newInstance0(Native Method)
	at sun.reflect.NativeConstructorAccessorImpl.newInstance(NativeConstructorAccessorImpl.java:62)
	at sun.reflect.DelegatingConstructorAccessorImpl.newInstance(DelegatingConstructorAccessorImpl.java:45)
	at java.lang.reflect.Constructor.newInstance(Constructor.java:423)
	at org.openqa.selenium.remote.ErrorHandler.createThrowable(ErrorHandler.java:215)
	at org.openqa.selenium.remote.ErrorHandler.throwIfResponseFailed(ErrorHandler.java:167)
	at org.openqa.selenium.remote.http.JsonHttpResponseCodec.reconstructValue(JsonHttpResponseCodec.java:40)
	at org.openqa.selenium.remote.http.AbstractHttpResponseCodec.decode(AbstractHttpResponseCodec.java:82)
	at org.openqa.selenium.remote.http.AbstractHttpResponseCodec.decode(AbstractHttpResponseCodec.java:45)
	at org.openqa.selenium.remote.HttpCommandExecutor.execute(HttpCommandExecutor.java:164)
	at org.openqa.selenium.remote.service.DriverCommandExecutor.execute(DriverCommandExecutor.java:82)
	at org.openqa.selenium.remote.RemoteWebDriver.execute(RemoteWebDriver.java:641)
	at org.openqa.selenium.remote.RemoteWebDriver.findElement(RemoteWebDriver.java:414)
	at org.openqa.selenium.remote.RemoteWebDriver.findElementByXPath(RemoteWebDriver.java:513)
	at org.openqa.selenium.By$ByXPath.findElement(By.java:361)
	at org.openqa.selenium.remote.RemoteWebDriver.findElement(RemoteWebDriver.java:406)
	at annaProjects.SampleTestNgTest.checkDiscardButton(SampleTestNgTest.java:272)
	at sun.reflect.NativeMethodAccessorImpl.invoke0(Native Method)
	at sun.reflect.NativeMethodAccessorImpl.invoke(NativeMethodAccessorImpl.java:62)
	at sun.reflect.DelegatingMethodAccessorImpl.invoke(DelegatingMethodAccessorImpl.java:43)
	at java.lang.reflect.Method.invoke(Method.java:498)
	at org.testng.internal.MethodInvocationHelper.invokeMethod(MethodInvocationHelper.java:108)
	at org.testng.internal.Invoker.invokeMethod(Invoker.java:661)
	at org.testng.internal.Invoker.invokeTestMethod(Invoker.java:869)
	at org.testng.internal.Invoker.invokeTestMethods(Invoker.java:1193)
	at org.testng.internal.TestMethodWorker.invokeTestMethods(TestMethodWorker.java:126)
	at org.testng.internal.TestMethodWorker.run(TestMethodWorker.java:109)
	at org.testng.TestRunner.privateRun(TestRunner.java:744)
	at org.testng.TestRunner.run(TestRunner.java:602)
	at org.testng.SuiteRunner.runTest(SuiteRunner.java:380)
	at org.testng.SuiteRunner.runSequentially(SuiteRunner.java:375)
	at org.testng.SuiteRunner.privateRun(SuiteRunner.java:340)
	at org.testng.SuiteRunner.run(SuiteRunner.java:289)
	at org.testng.SuiteRunnerWorker.runSuite(SuiteRunnerWorker.java:52)
	at org.testng.SuiteRunnerWorker.run(SuiteRunnerWorker.java:86)
	at org.testng.TestNG.runSuitesSequentially(TestNG.java:1301)
	at org.testng.TestNG.runSuitesLocally(TestNG.java:1226)
	at org.testng.TestNG.runSuites(TestNG.java:1144)
	at org.testng.TestNG.run(TestNG.java:1115)
	at org.apache.maven.surefire.testng.TestNGExecutor.run(TestNGExecutor.java:283)
	at org.apache.maven.surefire.testng.TestNGXmlTestSuite.execute(TestNGXmlTestSuite.java:75)
	at org.apache.maven.surefire.testng.TestNGProvider.invoke(TestNGProvider.java:120)
	at org.apache.maven.surefire.booter.ForkedBooter.invokeProviderInSameClassLoader(ForkedBooter.java:386)
	at org.apache.maven.surefire.booter.ForkedBooter.runSuitesInProcess(ForkedBooter.java:323)
	at org.apache.maven.surefire.booter.ForkedBooter.main(ForkedBooter.java:143)
]]>
            </full-stacktrace>
          </exception> <!-- org.openqa.selenium.NoSuchElementException -->
          <reporter-output>
          </reporter-output>
        </test-method> <!-- checkDiscardButton -->
        <test-method status="PASS" signature="driverClose()[pri:0, instance:annaProjects.SampleTestNgTest@5a61f5df]" name="driverClose" is-config="true" duration-ms="218" started-at="2018-01-22T23:47:26Z" finished-at="2018-01-22T23:47:26Z">
          <reporter-output>
          </reporter-output>
        </test-method> <!-- driverClose -->
        <test-method status="PASS" signature="initWebDriver()[pri:0, instance:annaProjects.SampleTestNgTest@5a61f5df]" name="initWebDriver" is-config="true" duration-ms="1677" started-at="2018-01-22T23:47:26Z" finished-at="2018-01-22T23:47:28Z">
          <reporter-output>
          </reporter-output>
        </test-method> <!-- initWebDriver -->
        <test-method status="FAIL" signature="checkSaveBallotDetails()[pri:25, instance:annaProjects.SampleTestNgTest@5a61f5df]" name="checkSaveBallotDetails" duration-ms="5213" started-at="2018-01-22T23:47:28Z" finished-at="2018-01-22T23:47:33Z">
          <exception class="org.openqa.selenium.NoAlertPresentException">
            <message>
              <![CDATA[no alert open
  (Session info: chrome=63.0.3239.84)
  (Driver info: chromedriver=2.34.522940 (1a76f96f66e3ca7b8e57d503b4dd3bccfba87af1),platform=Windows NT 10.0.14393 x86_64) (WARNING: The server did not provide any stacktrace information)
Command duration or timeout: 0 milliseconds
Build info: version: '3.5.1', revision: '9c21bb67ef', time: '2017-08-17T15:26:08.955Z'
System info: host: 'NB-181', ip: '192.168.56.1', os.name: 'Windows 10', os.arch: 'amd64', os.version: '10.0', java.version: '1.8.0_151'
Driver info: org.openqa.selenium.chrome.ChromeDriver
Capabilities [{applicationCacheEnabled=false, rotatable=false, mobileEmulationEnabled=false, networkConnectionEnabled=false, chrome={chromedriverVersion=2.34.522940 (1a76f96f66e3ca7b8e57d503b4dd3bccfba87af1), userDataDir=C:\Users\apetrova\AppData\Local\Temp\scoped_dir47888_13699}, takesHeapSnapshot=true, pageLoadStrategy=normal, unhandledPromptBehavior=, databaseEnabled=false, handlesAlerts=true, hasTouchScreen=false, version=63.0.3239.84, platform=XP, browserConnectionEnabled=false, nativeEvents=true, acceptSslCerts=true, locationContextEnabled=true, webStorageEnabled=true, browserName=chrome, takesScreenshot=true, javascriptEnabled=true, cssSelectorsEnabled=true, setWindowRect=true, unexpectedAlertBehaviour=}]
Session ID: 02687e08206b2f9a907e1bd4c2453c82]]>
            </message>
            <full-stacktrace>
              <![CDATA[org.openqa.selenium.NoAlertPresentException: no alert open
  (Session info: chrome=63.0.3239.84)
  (Driver info: chromedriver=2.34.522940 (1a76f96f66e3ca7b8e57d503b4dd3bccfba87af1),platform=Windows NT 10.0.14393 x86_64) (WARNING: The server did not provide any stacktrace information)
Command duration or timeout: 0 milliseconds
Build info: version: '3.5.1', revision: '9c21bb67ef', time: '2017-08-17T15:26:08.955Z'
System info: host: 'NB-181', ip: '192.168.56.1', os.name: 'Windows 10', os.arch: 'amd64', os.version: '10.0', java.version: '1.8.0_151'
Driver info: org.openqa.selenium.chrome.ChromeDriver
Capabilities [{applicationCacheEnabled=false, rotatable=false, mobileEmulationEnabled=false, networkConnectionEnabled=false, chrome={chromedriverVersion=2.34.522940 (1a76f96f66e3ca7b8e57d503b4dd3bccfba87af1), userDataDir=C:\Users\apetrova\AppData\Local\Temp\scoped_dir47888_13699}, takesHeapSnapshot=true, pageLoadStrategy=normal, unhandledPromptBehavior=, databaseEnabled=false, handlesAlerts=true, hasTouchScreen=false, version=63.0.3239.84, platform=XP, browserConnectionEnabled=false, nativeEvents=true, acceptSslCerts=true, locationContextEnabled=true, webStorageEnabled=true, browserName=chrome, takesScreenshot=true, javascriptEnabled=true, cssSelectorsEnabled=true, setWindowRect=true, unexpectedAlertBehaviour=}]
Session ID: 02687e08206b2f9a907e1bd4c2453c82
	at sun.reflect.NativeConstructorAccessorImpl.newInstance0(Native Method)
	at sun.reflect.NativeConstructorAccessorImpl.newInstance(NativeConstructorAccessorImpl.java:62)
	at sun.reflect.DelegatingConstructorAccessorImpl.newInstance(DelegatingConstructorAccessorImpl.java:45)
	at java.lang.reflect.Constructor.newInstance(Constructor.java:423)
	at org.openqa.selenium.remote.ErrorHandler.createThrowable(ErrorHandler.java:215)
	at org.openqa.selenium.remote.ErrorHandler.throwIfResponseFailed(ErrorHandler.java:167)
	at org.openqa.selenium.remote.http.JsonHttpResponseCodec.reconstructValue(JsonHttpResponseCodec.java:40)
	at org.openqa.selenium.remote.http.AbstractHttpResponseCodec.decode(AbstractHttpResponseCodec.java:82)
	at org.openqa.selenium.remote.http.AbstractHttpResponseCodec.decode(AbstractHttpResponseCodec.java:45)
	at org.openqa.selenium.remote.HttpCommandExecutor.execute(HttpCommandExecutor.java:164)
	at org.openqa.selenium.remote.service.DriverCommandExecutor.execute(DriverCommandExecutor.java:82)
	at org.openqa.selenium.remote.RemoteWebDriver.execute(RemoteWebDriver.java:641)
	at org.openqa.selenium.remote.RemoteWebDriver.execute(RemoteWebDriver.java:698)
	at org.openqa.selenium.remote.RemoteWebDriver$RemoteTargetLocator.alert(RemoteWebDriver.java:1024)
	at annaProjects.SampleTestNgTest.checkSaveBallotDetails(SampleTestNgTest.java:284)
	at sun.reflect.NativeMethodAccessorImpl.invoke0(Native Method)
	at sun.reflect.NativeMethodAccessorImpl.invoke(NativeMethodAccessorImpl.java:62)
	at sun.reflect.DelegatingMethodAccessorImpl.invoke(DelegatingMethodAccessorImpl.java:43)
	at java.lang.reflect.Method.invoke(Method.java:498)
	at org.testng.internal.MethodInvocationHelper.invokeMethod(MethodInvocationHelper.java:108)
	at org.testng.internal.Invoker.invokeMethod(Invoker.java:661)
	at org.testng.internal.Invoker.invokeTestMethod(Invoker.java:869)
	at org.testng.internal.Invoker.invokeTestMethods(Invoker.java:1193)
	at org.testng.internal.TestMethodWorker.invokeTestMethods(TestMethodWorker.java:126)
	at org.testng.internal.TestMethodWorker.run(TestMethodWorker.java:109)
	at org.testng.TestRunner.privateRun(TestRunner.java:744)
	at org.testng.TestRunner.run(TestRunner.java:602)
	at org.testng.SuiteRunner.runTest(SuiteRunner.java:380)
	at org.testng.SuiteRunner.runSequentially(SuiteRunner.java:375)
	at org.testng.SuiteRunner.privateRun(SuiteRunner.java:340)
	at org.testng.SuiteRunner.run(SuiteRunner.java:289)
	at org.testng.SuiteRunnerWorker.runSuite(SuiteRunnerWorker.java:52)
	at org.testng.SuiteRunnerWorker.run(SuiteRunnerWorker.java:86)
	at org.testng.TestNG.runSuitesSequentially(TestNG.java:1301)
	at org.testng.TestNG.runSuitesLocally(TestNG.java:1226)
	at org.testng.TestNG.runSuites(TestNG.java:1144)
	at org.testng.TestNG.run(TestNG.java:1115)
	at org.apache.maven.surefire.testng.TestNGExecutor.run(TestNGExecutor.java:283)
	at org.apache.maven.surefire.testng.TestNGXmlTestSuite.execute(TestNGXmlTestSuite.java:75)
	at org.apache.maven.surefire.testng.TestNGProvider.invoke(TestNGProvider.java:120)
	at org.apache.maven.surefire.booter.ForkedBooter.invokeProviderInSameClassLoader(ForkedBooter.java:386)
	at org.apache.maven.surefire.booter.ForkedBooter.runSuitesInProcess(ForkedBooter.java:323)
	at org.apache.maven.surefire.booter.ForkedBooter.main(ForkedBooter.java:143)
]]>
            </full-stacktrace>
          </exception> <!-- org.openqa.selenium.NoAlertPresentException -->
          <reporter-output>
          </reporter-output>
        </test-method> <!-- checkSaveBallotDetails -->
        <test-method status="PASS" signature="driverClose()[pri:0, instance:annaProjects.SampleTestNgTest@5a61f5df]" name="driverClose" is-config="true" duration-ms="240" started-at="2018-01-22T23:47:33Z" finished-at="2018-01-22T23:47:33Z">
          <reporter-output>
          </reporter-output>
        </test-method> <!-- driverClose -->
        <test-method status="PASS" signature="initWebDriver()[pri:0, instance:annaProjects.SampleTestNgTest@5a61f5df]" name="initWebDriver" is-config="true" duration-ms="1682" started-at="2018-01-22T23:47:33Z" finished-at="2018-01-22T23:47:35Z">
          <reporter-output>
          </reporter-output>
        </test-method> <!-- initWebDriver -->
        <test-method status="PASS" signature="checkDecryptCancel()[pri:26, instance:annaProjects.SampleTestNgTest@5a61f5df]" name="checkDecryptCancel" duration-ms="6467" started-at="2018-01-22T23:47:35Z" finished-at="2018-01-22T23:47:41Z">
          <reporter-output>
          </reporter-output>
        </test-method> <!-- checkDecryptCancel -->
        <test-method status="PASS" signature="driverClose()[pri:0, instance:annaProjects.SampleTestNgTest@5a61f5df]" name="driverClose" is-config="true" duration-ms="138" started-at="2018-01-22T23:47:41Z" finished-at="2018-01-22T23:47:41Z">
          <reporter-output>
          </reporter-output>
        </test-method> <!-- driverClose -->
        <test-method status="PASS" signature="initWebDriver()[pri:0, instance:annaProjects.SampleTestNgTest@5a61f5df]" name="initWebDriver" is-config="true" duration-ms="1788" started-at="2018-01-22T23:47:41Z" finished-at="2018-01-22T23:47:43Z">
          <reporter-output>
          </reporter-output>
        </test-method> <!-- initWebDriver -->
        <test-method status="PASS" signature="checkDecryptConfirm()[pri:27, instance:annaProjects.SampleTestNgTest@5a61f5df]" name="checkDecryptConfirm" duration-ms="6322" started-at="2018-01-22T23:47:43Z" finished-at="2018-01-22T23:47:50Z">
          <reporter-output>
          </reporter-output>
        </test-method> <!-- checkDecryptConfirm -->
        <test-method status="PASS" signature="driverClose()[pri:0, instance:annaProjects.SampleTestNgTest@5a61f5df]" name="driverClose" is-config="true" duration-ms="141" started-at="2018-01-22T23:47:50Z" finished-at="2018-01-22T23:47:50Z">
          <reporter-output>
          </reporter-output>
        </test-method> <!-- driverClose -->
        <test-method status="PASS" signature="initWebDriver()[pri:0, instance:annaProjects.SampleTestNgTest@5a61f5df]" name="initWebDriver" is-config="true" duration-ms="1798" started-at="2018-01-22T23:47:50Z" finished-at="2018-01-22T23:47:52Z">
          <reporter-output>
          </reporter-output>
        </test-method> <!-- initWebDriver -->
        <test-method status="PASS" signature="checkSignBallotCancel()[pri:28, instance:annaProjects.SampleTestNgTest@5a61f5df]" name="checkSignBallotCancel" duration-ms="6471" started-at="2018-01-22T23:47:52Z" finished-at="2018-01-22T23:47:58Z">
          <reporter-output>
          </reporter-output>
        </test-method> <!-- checkSignBallotCancel -->
        <test-method status="PASS" signature="driverClose()[pri:0, instance:annaProjects.SampleTestNgTest@5a61f5df]" name="driverClose" is-config="true" duration-ms="121" started-at="2018-01-22T23:47:58Z" finished-at="2018-01-22T23:47:58Z">
          <reporter-output>
          </reporter-output>
        </test-method> <!-- driverClose -->
        <test-method status="PASS" signature="initWebDriver()[pri:0, instance:annaProjects.SampleTestNgTest@5a61f5df]" name="initWebDriver" is-config="true" duration-ms="1688" started-at="2018-01-22T23:47:58Z" finished-at="2018-01-22T23:48:00Z">
          <reporter-output>
          </reporter-output>
        </test-method> <!-- initWebDriver -->
        <test-method status="PASS" signature="checkSignBallot()[pri:29, instance:annaProjects.SampleTestNgTest@5a61f5df]" name="checkSignBallot" duration-ms="6141" started-at="2018-01-22T23:48:00Z" finished-at="2018-01-22T23:48:06Z">
          <reporter-output>
          </reporter-output>
        </test-method> <!-- checkSignBallot -->
        <test-method status="PASS" signature="driverClose()[pri:0, instance:annaProjects.SampleTestNgTest@5a61f5df]" name="driverClose" is-config="true" duration-ms="145" started-at="2018-01-22T23:48:06Z" finished-at="2018-01-22T23:48:06Z">
          <reporter-output>
          </reporter-output>
        </test-method> <!-- driverClose -->
        <test-method status="PASS" signature="initWebDriver()[pri:0, instance:annaProjects.SampleTestNgTest@5a61f5df]" name="initWebDriver" is-config="true" duration-ms="1685" started-at="2018-01-22T23:48:06Z" finished-at="2018-01-22T23:48:08Z">
          <reporter-output>
          </reporter-output>
        </test-method> <!-- initWebDriver -->
        <test-method status="FAIL" signature="checkDiscardSignBallot()[pri:30, instance:annaProjects.SampleTestNgTest@5a61f5df]" name="checkDiscardSignBallot" duration-ms="16222" started-at="2018-01-22T23:48:08Z" finished-at="2018-01-22T23:48:24Z">
          <exception class="org.openqa.selenium.NoSuchElementException">
            <message>
              <![CDATA[no such element: Unable to locate element: {"method":"xpath","selector":"//*[text()='Your Unsigned Ballot']"}
  (Session info: chrome=63.0.3239.84)
  (Driver info: chromedriver=2.34.522940 (1a76f96f66e3ca7b8e57d503b4dd3bccfba87af1),platform=Windows NT 10.0.14393 x86_64) (WARNING: The server did not provide any stacktrace information)
Command duration or timeout: 0 milliseconds
For documentation on this error, please visit: http://seleniumhq.org/exceptions/no_such_element.html
Build info: version: '3.5.1', revision: '9c21bb67ef', time: '2017-08-17T15:26:08.955Z'
System info: host: 'NB-181', ip: '192.168.56.1', os.name: 'Windows 10', os.arch: 'amd64', os.version: '10.0', java.version: '1.8.0_151'
Driver info: org.openqa.selenium.chrome.ChromeDriver
Capabilities [{applicationCacheEnabled=false, rotatable=false, mobileEmulationEnabled=false, networkConnectionEnabled=false, chrome={chromedriverVersion=2.34.522940 (1a76f96f66e3ca7b8e57d503b4dd3bccfba87af1), userDataDir=C:\Users\apetrova\AppData\Local\Temp\scoped_dir47304_28151}, takesHeapSnapshot=true, pageLoadStrategy=normal, unhandledPromptBehavior=, databaseEnabled=false, handlesAlerts=true, hasTouchScreen=false, version=63.0.3239.84, platform=XP, browserConnectionEnabled=false, nativeEvents=true, acceptSslCerts=true, locationContextEnabled=true, webStorageEnabled=true, browserName=chrome, takesScreenshot=true, javascriptEnabled=true, cssSelectorsEnabled=true, setWindowRect=true, unexpectedAlertBehaviour=}]
Session ID: 79fba84ac2bb410a88d153bdcc9f35b9
*** Element info: {Using=xpath, value=//*[text()='Your Unsigned Ballot']}]]>
            </message>
            <full-stacktrace>
              <![CDATA[org.openqa.selenium.NoSuchElementException: no such element: Unable to locate element: {"method":"xpath","selector":"//*[text()='Your Unsigned Ballot']"}
  (Session info: chrome=63.0.3239.84)
  (Driver info: chromedriver=2.34.522940 (1a76f96f66e3ca7b8e57d503b4dd3bccfba87af1),platform=Windows NT 10.0.14393 x86_64) (WARNING: The server did not provide any stacktrace information)
Command duration or timeout: 0 milliseconds
For documentation on this error, please visit: http://seleniumhq.org/exceptions/no_such_element.html
Build info: version: '3.5.1', revision: '9c21bb67ef', time: '2017-08-17T15:26:08.955Z'
System info: host: 'NB-181', ip: '192.168.56.1', os.name: 'Windows 10', os.arch: 'amd64', os.version: '10.0', java.version: '1.8.0_151'
Driver info: org.openqa.selenium.chrome.ChromeDriver
Capabilities [{applicationCacheEnabled=false, rotatable=false, mobileEmulationEnabled=false, networkConnectionEnabled=false, chrome={chromedriverVersion=2.34.522940 (1a76f96f66e3ca7b8e57d503b4dd3bccfba87af1), userDataDir=C:\Users\apetrova\AppData\Local\Temp\scoped_dir47304_28151}, takesHeapSnapshot=true, pageLoadStrategy=normal, unhandledPromptBehavior=, databaseEnabled=false, handlesAlerts=true, hasTouchScreen=false, version=63.0.3239.84, platform=XP, browserConnectionEnabled=false, nativeEvents=true, acceptSslCerts=true, locationContextEnabled=true, webStorageEnabled=true, browserName=chrome, takesScreenshot=true, javascriptEnabled=true, cssSelectorsEnabled=true, setWindowRect=true, unexpectedAlertBehaviour=}]
Session ID: 79fba84ac2bb410a88d153bdcc9f35b9
*** Element info: {Using=xpath, value=//*[text()='Your Unsigned Ballot']}
	at sun.reflect.NativeConstructorAccessorImpl.newInstance0(Native Method)
	at sun.reflect.NativeConstructorAccessorImpl.newInstance(NativeConstructorAccessorImpl.java:62)
	at sun.reflect.DelegatingConstructorAccessorImpl.newInstance(DelegatingConstructorAccessorImpl.java:45)
	at java.lang.reflect.Constructor.newInstance(Constructor.java:423)
	at org.openqa.selenium.remote.ErrorHandler.createThrowable(ErrorHandler.java:215)
	at org.openqa.selenium.remote.ErrorHandler.throwIfResponseFailed(ErrorHandler.java:167)
	at org.openqa.selenium.remote.http.JsonHttpResponseCodec.reconstructValue(JsonHttpResponseCodec.java:40)
	at org.openqa.selenium.remote.http.AbstractHttpResponseCodec.decode(AbstractHttpResponseCodec.java:82)
	at org.openqa.selenium.remote.http.AbstractHttpResponseCodec.decode(AbstractHttpResponseCodec.java:45)
	at org.openqa.selenium.remote.HttpCommandExecutor.execute(HttpCommandExecutor.java:164)
	at org.openqa.selenium.remote.service.DriverCommandExecutor.execute(DriverCommandExecutor.java:82)
	at org.openqa.selenium.remote.RemoteWebDriver.execute(RemoteWebDriver.java:641)
	at org.openqa.selenium.remote.RemoteWebDriver.findElement(RemoteWebDriver.java:414)
	at org.openqa.selenium.remote.RemoteWebDriver.findElementByXPath(RemoteWebDriver.java:513)
	at org.openqa.selenium.By$ByXPath.findElement(By.java:361)
	at org.openqa.selenium.remote.RemoteWebDriver.findElement(RemoteWebDriver.java:406)
	at annaProjects.pages.UnsignedBallotPage.ballotPageTitle(UnsignedBallotPage.java:31)
	at annaProjects.SampleTestNgTest.checkDiscardSignBallot(SampleTestNgTest.java:365)
	at sun.reflect.NativeMethodAccessorImpl.invoke0(Native Method)
	at sun.reflect.NativeMethodAccessorImpl.invoke(NativeMethodAccessorImpl.java:62)
	at sun.reflect.DelegatingMethodAccessorImpl.invoke(DelegatingMethodAccessorImpl.java:43)
	at java.lang.reflect.Method.invoke(Method.java:498)
	at org.testng.internal.MethodInvocationHelper.invokeMethod(MethodInvocationHelper.java:108)
	at org.testng.internal.Invoker.invokeMethod(Invoker.java:661)
	at org.testng.internal.Invoker.invokeTestMethod(Invoker.java:869)
	at org.testng.internal.Invoker.invokeTestMethods(Invoker.java:1193)
	at org.testng.internal.TestMethodWorker.invokeTestMethods(TestMethodWorker.java:126)
	at org.testng.internal.TestMethodWorker.run(TestMethodWorker.java:109)
	at org.testng.TestRunner.privateRun(TestRunner.java:744)
	at org.testng.TestRunner.run(TestRunner.java:602)
	at org.testng.SuiteRunner.runTest(SuiteRunner.java:380)
	at org.testng.SuiteRunner.runSequentially(SuiteRunner.java:375)
	at org.testng.SuiteRunner.privateRun(SuiteRunner.java:340)
	at org.testng.SuiteRunner.run(SuiteRunner.java:289)
	at org.testng.SuiteRunnerWorker.runSuite(SuiteRunnerWorker.java:52)
	at org.testng.SuiteRunnerWorker.run(SuiteRunnerWorker.java:86)
	at org.testng.TestNG.runSuitesSequentially(TestNG.java:1301)
	at org.testng.TestNG.runSuitesLocally(TestNG.java:1226)
	at org.testng.TestNG.runSuites(TestNG.java:1144)
	at org.testng.TestNG.run(TestNG.java:1115)
	at org.apache.maven.surefire.testng.TestNGExecutor.run(TestNGExecutor.java:283)
	at org.apache.maven.surefire.testng.TestNGXmlTestSuite.execute(TestNGXmlTestSuite.java:75)
	at org.apache.maven.surefire.testng.TestNGProvider.invoke(TestNGProvider.java:120)
	at org.apache.maven.surefire.booter.ForkedBooter.invokeProviderInSameClassLoader(ForkedBooter.java:386)
	at org.apache.maven.surefire.booter.ForkedBooter.runSuitesInProcess(ForkedBooter.java:323)
	at org.apache.maven.surefire.booter.ForkedBooter.main(ForkedBooter.java:143)
]]>
            </full-stacktrace>
          </exception> <!-- org.openqa.selenium.NoSuchElementException -->
          <reporter-output>
          </reporter-output>
        </test-method> <!-- checkDiscardSignBallot -->
        <test-method status="PASS" signature="driverClose()[pri:0, instance:annaProjects.SampleTestNgTest@5a61f5df]" name="driverClose" is-config="true" duration-ms="196" started-at="2018-01-22T23:48:24Z" finished-at="2018-01-22T23:48:24Z">
          <reporter-output>
          </reporter-output>
        </test-method> <!-- driverClose -->
        <test-method status="PASS" signature="initWebDriver()[pri:0, instance:annaProjects.SampleTestNgTest@5a61f5df]" name="initWebDriver" is-config="true" duration-ms="2436" started-at="2018-01-22T23:48:24Z" finished-at="2018-01-22T23:48:27Z">
          <reporter-output>
          </reporter-output>
        </test-method> <!-- initWebDriver -->
        <test-method status="FAIL" signature="checkNoSecretPinInput()[pri:31, instance:annaProjects.SampleTestNgTest@5a61f5df]" name="checkNoSecretPinInput" duration-ms="15960" started-at="2018-01-22T23:48:27Z" finished-at="2018-01-22T23:48:43Z">
          <exception class="org.openqa.selenium.TimeoutException">
            <message>
              <![CDATA[Expected condition failed: waiting for element to be clickable: By.xpath: //*[text()='Warning, input your secret PIN2 (tried for 10 second(s) with 500 MILLISECONDS interval)]]>
            </message>
            <full-stacktrace>
              <![CDATA[org.openqa.selenium.TimeoutException: Expected condition failed: waiting for element to be clickable: By.xpath: //*[text()='Warning, input your secret PIN2 (tried for 10 second(s) with 500 MILLISECONDS interval)
	at org.openqa.selenium.support.ui.WebDriverWait.timeoutException(WebDriverWait.java:80)
	at org.openqa.selenium.support.ui.FluentWait.until(FluentWait.java:232)
	at annaProjects.SampleTestNgTest.checkNoSecretPinInput(SampleTestNgTest.java:379)
	at sun.reflect.NativeMethodAccessorImpl.invoke0(Native Method)
	at sun.reflect.NativeMethodAccessorImpl.invoke(NativeMethodAccessorImpl.java:62)
	at sun.reflect.DelegatingMethodAccessorImpl.invoke(DelegatingMethodAccessorImpl.java:43)
	at java.lang.reflect.Method.invoke(Method.java:498)
	at org.testng.internal.MethodInvocationHelper.invokeMethod(MethodInvocationHelper.java:108)
	at org.testng.internal.Invoker.invokeMethod(Invoker.java:661)
	at org.testng.internal.Invoker.invokeTestMethod(Invoker.java:869)
	at org.testng.internal.Invoker.invokeTestMethods(Invoker.java:1193)
	at org.testng.internal.TestMethodWorker.invokeTestMethods(TestMethodWorker.java:126)
	at org.testng.internal.TestMethodWorker.run(TestMethodWorker.java:109)
	at org.testng.TestRunner.privateRun(TestRunner.java:744)
	at org.testng.TestRunner.run(TestRunner.java:602)
	at org.testng.SuiteRunner.runTest(SuiteRunner.java:380)
	at org.testng.SuiteRunner.runSequentially(SuiteRunner.java:375)
	at org.testng.SuiteRunner.privateRun(SuiteRunner.java:340)
	at org.testng.SuiteRunner.run(SuiteRunner.java:289)
	at org.testng.SuiteRunnerWorker.runSuite(SuiteRunnerWorker.java:52)
	at org.testng.SuiteRunnerWorker.run(SuiteRunnerWorker.java:86)
	at org.testng.TestNG.runSuitesSequentially(TestNG.java:1301)
	at org.testng.TestNG.runSuitesLocally(TestNG.java:1226)
	at org.testng.TestNG.runSuites(TestNG.java:1144)
	at org.testng.TestNG.run(TestNG.java:1115)
	at org.apache.maven.surefire.testng.TestNGExecutor.run(TestNGExecutor.java:283)
	at org.apache.maven.surefire.testng.TestNGXmlTestSuite.execute(TestNGXmlTestSuite.java:75)
	at org.apache.maven.surefire.testng.TestNGProvider.invoke(TestNGProvider.java:120)
	at org.apache.maven.surefire.booter.ForkedBooter.invokeProviderInSameClassLoader(ForkedBooter.java:386)
	at org.apache.maven.surefire.booter.ForkedBooter.runSuitesInProcess(ForkedBooter.java:323)
	at org.apache.maven.surefire.booter.ForkedBooter.main(ForkedBooter.java:143)
Caused by: org.openqa.selenium.InvalidSelectorException: invalid selector: Unable to locate an element with the xpath expression //*[text()='Warning, input your secret PIN2 because of the following error:
SyntaxError: Failed to execute 'evaluate' on 'Document': The string '//*[text()='Warning, input your secret PIN2' is not a valid XPath expression.
  (Session info: chrome=63.0.3239.84)
  (Driver info: chromedriver=2.34.522940 (1a76f96f66e3ca7b8e57d503b4dd3bccfba87af1),platform=Windows NT 10.0.14393 x86_64) (WARNING: The server did not provide any stacktrace information)
Command duration or timeout: 0 milliseconds
For documentation on this error, please visit: http://seleniumhq.org/exceptions/invalid_selector_exception.html
Build info: version: '3.5.1', revision: '9c21bb67ef', time: '2017-08-17T15:26:08.955Z'
System info: host: 'NB-181', ip: '192.168.56.1', os.name: 'Windows 10', os.arch: 'amd64', os.version: '10.0', java.version: '1.8.0_151'
Driver info: org.openqa.selenium.chrome.ChromeDriver
Capabilities [{applicationCacheEnabled=false, rotatable=false, mobileEmulationEnabled=false, networkConnectionEnabled=false, chrome={chromedriverVersion=2.34.522940 (1a76f96f66e3ca7b8e57d503b4dd3bccfba87af1), userDataDir=C:\Users\apetrova\AppData\Local\Temp\scoped_dir47656_28791}, takesHeapSnapshot=true, pageLoadStrategy=normal, unhandledPromptBehavior=, databaseEnabled=false, handlesAlerts=true, hasTouchScreen=false, version=63.0.3239.84, platform=XP, browserConnectionEnabled=false, nativeEvents=true, acceptSslCerts=true, locationContextEnabled=true, webStorageEnabled=true, browserName=chrome, takesScreenshot=true, javascriptEnabled=true, cssSelectorsEnabled=true, setWindowRect=true, unexpectedAlertBehaviour=}]
Session ID: f5688db84f130439cccf0ab3a804c96d
*** Element info: {Using=xpath, value=//*[text()='Warning, input your secret PIN2}
	at sun.reflect.GeneratedConstructorAccessor11.newInstance(Unknown Source)
	at sun.reflect.DelegatingConstructorAccessorImpl.newInstance(DelegatingConstructorAccessorImpl.java:45)
	at java.lang.reflect.Constructor.newInstance(Constructor.java:423)
	at org.openqa.selenium.remote.ErrorHandler.createThrowable(ErrorHandler.java:215)
	at org.openqa.selenium.remote.ErrorHandler.throwIfResponseFailed(ErrorHandler.java:167)
	at org.openqa.selenium.remote.http.JsonHttpResponseCodec.reconstructValue(JsonHttpResponseCodec.java:40)
	at org.openqa.selenium.remote.http.AbstractHttpResponseCodec.decode(AbstractHttpResponseCodec.java:82)
	at org.openqa.selenium.remote.http.AbstractHttpResponseCodec.decode(AbstractHttpResponseCodec.java:45)
	at org.openqa.selenium.remote.HttpCommandExecutor.execute(HttpCommandExecutor.java:164)
	at org.openqa.selenium.remote.service.DriverCommandExecutor.execute(DriverCommandExecutor.java:82)
	at org.openqa.selenium.remote.RemoteWebDriver.execute(RemoteWebDriver.java:641)
	at org.openqa.selenium.remote.RemoteWebDriver.findElements(RemoteWebDriver.java:441)
	at org.openqa.selenium.remote.RemoteWebDriver.findElementsByXPath(RemoteWebDriver.java:517)
	at org.openqa.selenium.By$ByXPath.findElements(By.java:356)
	at org.openqa.selenium.remote.RemoteWebDriver.findElements(RemoteWebDriver.java:402)
	at org.openqa.selenium.support.ui.ExpectedConditions.findElement(ExpectedConditions.java:882)
	at org.openqa.selenium.support.ui.ExpectedConditions.access$000(ExpectedConditions.java:44)
	at org.openqa.selenium.support.ui.ExpectedConditions$7.apply(ExpectedConditions.java:206)
	at org.openqa.selenium.support.ui.ExpectedConditions$7.apply(ExpectedConditions.java:202)
	at org.openqa.selenium.support.ui.ExpectedConditions$22.apply(ExpectedConditions.java:644)
	at org.openqa.selenium.support.ui.ExpectedConditions$22.apply(ExpectedConditions.java:641)
	at org.openqa.selenium.support.ui.FluentWait.until(FluentWait.java:209)
	... 29 more
]]>
            </full-stacktrace>
          </exception> <!-- org.openqa.selenium.TimeoutException -->
          <reporter-output>
          </reporter-output>
        </test-method> <!-- checkNoSecretPinInput -->
        <test-method status="PASS" signature="driverClose()[pri:0, instance:annaProjects.SampleTestNgTest@5a61f5df]" name="driverClose" is-config="true" duration-ms="99" started-at="2018-01-22T23:48:43Z" finished-at="2018-01-22T23:48:43Z">
          <reporter-output>
          </reporter-output>
        </test-method> <!-- driverClose -->
        <test-method status="PASS" signature="initWebDriver()[pri:0, instance:annaProjects.SampleTestNgTest@5a61f5df]" name="initWebDriver" is-config="true" duration-ms="1754" started-at="2018-01-22T23:48:43Z" finished-at="2018-01-22T23:48:44Z">
          <reporter-output>
          </reporter-output>
        </test-method> <!-- initWebDriver -->
        <test-method status="FAIL" signature="checkReturnFromDecrBallot()[pri:32, instance:annaProjects.SampleTestNgTest@5a61f5df]" name="checkReturnFromDecrBallot" duration-ms="15831" started-at="2018-01-22T23:48:44Z" finished-at="2018-01-22T23:49:00Z">
          <exception class="org.openqa.selenium.NoSuchElementException">
            <message>
              <![CDATA[no such element: Unable to locate element: {"method":"class name","selector":"app-content-header"}
  (Session info: chrome=63.0.3239.84)
  (Driver info: chromedriver=2.34.522940 (1a76f96f66e3ca7b8e57d503b4dd3bccfba87af1),platform=Windows NT 10.0.14393 x86_64) (WARNING: The server did not provide any stacktrace information)
Command duration or timeout: 0 milliseconds
For documentation on this error, please visit: http://seleniumhq.org/exceptions/no_such_element.html
Build info: version: '3.5.1', revision: '9c21bb67ef', time: '2017-08-17T15:26:08.955Z'
System info: host: 'NB-181', ip: '192.168.56.1', os.name: 'Windows 10', os.arch: 'amd64', os.version: '10.0', java.version: '1.8.0_151'
Driver info: org.openqa.selenium.chrome.ChromeDriver
Capabilities [{applicationCacheEnabled=false, rotatable=false, mobileEmulationEnabled=false, networkConnectionEnabled=false, chrome={chromedriverVersion=2.34.522940 (1a76f96f66e3ca7b8e57d503b4dd3bccfba87af1), userDataDir=C:\Users\apetrova\AppData\Local\Temp\scoped_dir47756_10149}, takesHeapSnapshot=true, pageLoadStrategy=normal, unhandledPromptBehavior=, databaseEnabled=false, handlesAlerts=true, hasTouchScreen=false, version=63.0.3239.84, platform=XP, browserConnectionEnabled=false, nativeEvents=true, acceptSslCerts=true, locationContextEnabled=true, webStorageEnabled=true, browserName=chrome, takesScreenshot=true, javascriptEnabled=true, cssSelectorsEnabled=true, setWindowRect=true, unexpectedAlertBehaviour=}]
Session ID: c6fe8346919ee534788cbbe9920c45da
*** Element info: {Using=class name, value=app-content-header}]]>
            </message>
            <full-stacktrace>
              <![CDATA[org.openqa.selenium.NoSuchElementException: no such element: Unable to locate element: {"method":"class name","selector":"app-content-header"}
  (Session info: chrome=63.0.3239.84)
  (Driver info: chromedriver=2.34.522940 (1a76f96f66e3ca7b8e57d503b4dd3bccfba87af1),platform=Windows NT 10.0.14393 x86_64) (WARNING: The server did not provide any stacktrace information)
Command duration or timeout: 0 milliseconds
For documentation on this error, please visit: http://seleniumhq.org/exceptions/no_such_element.html
Build info: version: '3.5.1', revision: '9c21bb67ef', time: '2017-08-17T15:26:08.955Z'
System info: host: 'NB-181', ip: '192.168.56.1', os.name: 'Windows 10', os.arch: 'amd64', os.version: '10.0', java.version: '1.8.0_151'
Driver info: org.openqa.selenium.chrome.ChromeDriver
Capabilities [{applicationCacheEnabled=false, rotatable=false, mobileEmulationEnabled=false, networkConnectionEnabled=false, chrome={chromedriverVersion=2.34.522940 (1a76f96f66e3ca7b8e57d503b4dd3bccfba87af1), userDataDir=C:\Users\apetrova\AppData\Local\Temp\scoped_dir47756_10149}, takesHeapSnapshot=true, pageLoadStrategy=normal, unhandledPromptBehavior=, databaseEnabled=false, handlesAlerts=true, hasTouchScreen=false, version=63.0.3239.84, platform=XP, browserConnectionEnabled=false, nativeEvents=true, acceptSslCerts=true, locationContextEnabled=true, webStorageEnabled=true, browserName=chrome, takesScreenshot=true, javascriptEnabled=true, cssSelectorsEnabled=true, setWindowRect=true, unexpectedAlertBehaviour=}]
Session ID: c6fe8346919ee534788cbbe9920c45da
*** Element info: {Using=class name, value=app-content-header}
	at sun.reflect.NativeConstructorAccessorImpl.newInstance0(Native Method)
	at sun.reflect.NativeConstructorAccessorImpl.newInstance(NativeConstructorAccessorImpl.java:62)
	at sun.reflect.DelegatingConstructorAccessorImpl.newInstance(DelegatingConstructorAccessorImpl.java:45)
	at java.lang.reflect.Constructor.newInstance(Constructor.java:423)
	at org.openqa.selenium.remote.ErrorHandler.createThrowable(ErrorHandler.java:215)
	at org.openqa.selenium.remote.ErrorHandler.throwIfResponseFailed(ErrorHandler.java:167)
	at org.openqa.selenium.remote.http.JsonHttpResponseCodec.reconstructValue(JsonHttpResponseCodec.java:40)
	at org.openqa.selenium.remote.http.AbstractHttpResponseCodec.decode(AbstractHttpResponseCodec.java:82)
	at org.openqa.selenium.remote.http.AbstractHttpResponseCodec.decode(AbstractHttpResponseCodec.java:45)
	at org.openqa.selenium.remote.HttpCommandExecutor.execute(HttpCommandExecutor.java:164)
	at org.openqa.selenium.remote.service.DriverCommandExecutor.execute(DriverCommandExecutor.java:82)
	at org.openqa.selenium.remote.RemoteWebDriver.execute(RemoteWebDriver.java:641)
	at org.openqa.selenium.remote.RemoteWebDriver.findElement(RemoteWebDriver.java:414)
	at org.openqa.selenium.remote.RemoteWebDriver.findElementByClassName(RemoteWebDriver.java:497)
	at org.openqa.selenium.By$ByClassName.findElement(By.java:391)
	at org.openqa.selenium.remote.RemoteWebDriver.findElement(RemoteWebDriver.java:406)
	at annaProjects.SampleTestNgTest.checkReturnFromDecrBallot(SampleTestNgTest.java:396)
	at sun.reflect.NativeMethodAccessorImpl.invoke0(Native Method)
	at sun.reflect.NativeMethodAccessorImpl.invoke(NativeMethodAccessorImpl.java:62)
	at sun.reflect.DelegatingMethodAccessorImpl.invoke(DelegatingMethodAccessorImpl.java:43)
	at java.lang.reflect.Method.invoke(Method.java:498)
	at org.testng.internal.MethodInvocationHelper.invokeMethod(MethodInvocationHelper.java:108)
	at org.testng.internal.Invoker.invokeMethod(Invoker.java:661)
	at org.testng.internal.Invoker.invokeTestMethod(Invoker.java:869)
	at org.testng.internal.Invoker.invokeTestMethods(Invoker.java:1193)
	at org.testng.internal.TestMethodWorker.invokeTestMethods(TestMethodWorker.java:126)
	at org.testng.internal.TestMethodWorker.run(TestMethodWorker.java:109)
	at org.testng.TestRunner.privateRun(TestRunner.java:744)
	at org.testng.TestRunner.run(TestRunner.java:602)
	at org.testng.SuiteRunner.runTest(SuiteRunner.java:380)
	at org.testng.SuiteRunner.runSequentially(SuiteRunner.java:375)
	at org.testng.SuiteRunner.privateRun(SuiteRunner.java:340)
	at org.testng.SuiteRunner.run(SuiteRunner.java:289)
	at org.testng.SuiteRunnerWorker.runSuite(SuiteRunnerWorker.java:52)
	at org.testng.SuiteRunnerWorker.run(SuiteRunnerWorker.java:86)
	at org.testng.TestNG.runSuitesSequentially(TestNG.java:1301)
	at org.testng.TestNG.runSuitesLocally(TestNG.java:1226)
	at org.testng.TestNG.runSuites(TestNG.java:1144)
	at org.testng.TestNG.run(TestNG.java:1115)
	at org.apache.maven.surefire.testng.TestNGExecutor.run(TestNGExecutor.java:283)
	at org.apache.maven.surefire.testng.TestNGXmlTestSuite.execute(TestNGXmlTestSuite.java:75)
	at org.apache.maven.surefire.testng.TestNGProvider.invoke(TestNGProvider.java:120)
	at org.apache.maven.surefire.booter.ForkedBooter.invokeProviderInSameClassLoader(ForkedBooter.java:386)
	at org.apache.maven.surefire.booter.ForkedBooter.runSuitesInProcess(ForkedBooter.java:323)
	at org.apache.maven.surefire.booter.ForkedBooter.main(ForkedBooter.java:143)
]]>
            </full-stacktrace>
          </exception> <!-- org.openqa.selenium.NoSuchElementException -->
          <reporter-output>
          </reporter-output>
        </test-method> <!-- checkReturnFromDecrBallot -->
        <test-method status="PASS" signature="driverClose()[pri:0, instance:annaProjects.SampleTestNgTest@5a61f5df]" name="driverClose" is-config="true" duration-ms="157" started-at="2018-01-22T23:49:00Z" finished-at="2018-01-22T23:49:00Z">
          <reporter-output>
          </reporter-output>
        </test-method> <!-- driverClose -->
        <test-method status="PASS" signature="initWebDriver()[pri:0, instance:annaProjects.SampleTestNgTest@5a61f5df]" name="initWebDriver" is-config="true" duration-ms="1680" started-at="2018-01-22T23:49:00Z" finished-at="2018-01-22T23:49:02Z">
          <reporter-output>
          </reporter-output>
        </test-method> <!-- initWebDriver -->
        <test-method status="FAIL" signature="checkSaveDecrBallot()[pri:33, instance:annaProjects.SampleTestNgTest@5a61f5df]" name="checkSaveDecrBallot" duration-ms="8006" started-at="2018-01-22T23:49:02Z" finished-at="2018-01-22T23:49:10Z">
          <exception class="java.lang.AssertionError">
            <message>
              <![CDATA[expected [ballot is saved] but found [full ballot encryption details]]]>
            </message>
            <full-stacktrace>
              <![CDATA[java.lang.AssertionError: expected [ballot is saved] but found [full ballot encryption details]
	at org.testng.Assert.fail(Assert.java:93)
	at org.testng.Assert.failNotEquals(Assert.java:512)
	at org.testng.Assert.assertEqualsImpl(Assert.java:134)
	at org.testng.Assert.assertEquals(Assert.java:115)
	at org.testng.Assert.assertEquals(Assert.java:189)
	at org.testng.Assert.assertEquals(Assert.java:199)
	at annaProjects.SampleTestNgTest.checkSaveDecrBallot(SampleTestNgTest.java:412)
	at sun.reflect.NativeMethodAccessorImpl.invoke0(Native Method)
	at sun.reflect.NativeMethodAccessorImpl.invoke(NativeMethodAccessorImpl.java:62)
	at sun.reflect.DelegatingMethodAccessorImpl.invoke(DelegatingMethodAccessorImpl.java:43)
	at java.lang.reflect.Method.invoke(Method.java:498)
	at org.testng.internal.MethodInvocationHelper.invokeMethod(MethodInvocationHelper.java:108)
	at org.testng.internal.Invoker.invokeMethod(Invoker.java:661)
	at org.testng.internal.Invoker.invokeTestMethod(Invoker.java:869)
	at org.testng.internal.Invoker.invokeTestMethods(Invoker.java:1193)
	at org.testng.internal.TestMethodWorker.invokeTestMethods(TestMethodWorker.java:126)
	at org.testng.internal.TestMethodWorker.run(TestMethodWorker.java:109)
	at org.testng.TestRunner.privateRun(TestRunner.java:744)
	at org.testng.TestRunner.run(TestRunner.java:602)
	at org.testng.SuiteRunner.runTest(SuiteRunner.java:380)
	at org.testng.SuiteRunner.runSequentially(SuiteRunner.java:375)
	at org.testng.SuiteRunner.privateRun(SuiteRunner.java:340)
	at org.testng.SuiteRunner.run(SuiteRunner.java:289)
	at org.testng.SuiteRunnerWorker.runSuite(SuiteRunnerWorker.java:52)
	at org.testng.SuiteRunnerWorker.run(SuiteRunnerWorker.java:86)
	at org.testng.TestNG.runSuitesSequentially(TestNG.java:1301)
	at org.testng.TestNG.runSuitesLocally(TestNG.java:1226)
	at org.testng.TestNG.runSuites(TestNG.java:1144)
	at org.testng.TestNG.run(TestNG.java:1115)
	at org.apache.maven.surefire.testng.TestNGExecutor.run(TestNGExecutor.java:283)
	at org.apache.maven.surefire.testng.TestNGXmlTestSuite.execute(TestNGXmlTestSuite.java:75)
	at org.apache.maven.surefire.testng.TestNGProvider.invoke(TestNGProvider.java:120)
	at org.apache.maven.surefire.booter.ForkedBooter.invokeProviderInSameClassLoader(ForkedBooter.java:386)
	at org.apache.maven.surefire.booter.ForkedBooter.runSuitesInProcess(ForkedBooter.java:323)
	at org.apache.maven.surefire.booter.ForkedBooter.main(ForkedBooter.java:143)
]]>
            </full-stacktrace>
          </exception> <!-- java.lang.AssertionError -->
          <reporter-output>
          </reporter-output>
        </test-method> <!-- checkSaveDecrBallot -->
        <test-method status="PASS" signature="driverClose()[pri:0, instance:annaProjects.SampleTestNgTest@5a61f5df]" name="driverClose" is-config="true" duration-ms="160" started-at="2018-01-22T23:49:10Z" finished-at="2018-01-22T23:49:10Z">
          <reporter-output>
          </reporter-output>
        </test-method> <!-- driverClose -->
        <test-method status="PASS" signature="initWebDriver()[pri:0, instance:annaProjects.SampleTestNgTest@5a61f5df]" name="initWebDriver" is-config="true" duration-ms="1690" started-at="2018-01-22T23:49:10Z" finished-at="2018-01-22T23:49:12Z">
          <reporter-output>
          </reporter-output>
        </test-method> <!-- initWebDriver -->
        <test-method status="PASS" signature="checkSubmitSignedBallotWithEmail()[pri:33, instance:annaProjects.SampleTestNgTest@5a61f5df]" name="checkSubmitSignedBallotWithEmail" duration-ms="6368" started-at="2018-01-22T23:49:12Z" finished-at="2018-01-22T23:49:18Z">
          <reporter-output>
          </reporter-output>
        </test-method> <!-- checkSubmitSignedBallotWithEmail -->
        <test-method status="PASS" signature="driverClose()[pri:0, instance:annaProjects.SampleTestNgTest@5a61f5df]" name="driverClose" is-config="true" duration-ms="130" started-at="2018-01-22T23:49:18Z" finished-at="2018-01-22T23:49:18Z">
          <reporter-output>
          </reporter-output>
        </test-method> <!-- driverClose -->
        <test-method status="PASS" signature="tearDown()[pri:0, instance:annaProjects.SampleTestNgTest@5a61f5df]" name="tearDown" is-config="true" duration-ms="13" started-at="2018-01-22T23:49:19Z" finished-at="2018-01-22T23:49:19Z">
          <reporter-output>
          </reporter-output>
        </test-method> <!-- tearDown -->
      </class> <!-- annaProjects.SampleTestNgTest -->
    </test> <!-- Test1 -->
  </suite> <!-- Tests -->
</testng-results>
