-------------------------------------------------------------------------------
Test set: TestSuite
-------------------------------------------------------------------------------
Tests run: 35, Failures: 15, Errors: 0, Skipped: 0, Time elapsed: 367.152 s <<< FAILURE! - in TestSuite
checkBlockChainExplorer(annaProjects.SampleTestNgTest)  Time elapsed: 7.658 s  <<< FAILURE!
java.lang.AssertionError: expected [true] but found [false]
	at annaProjects.SampleTestNgTest.checkBlockChainExplorer(SampleTestNgTest.java:448)

verifyVotingHelpButton(annaProjects.SampleTestNgTest)  Time elapsed: 4.039 s  <<< FAILURE!
java.lang.AssertionError: expected [false] but found [true]
	at annaProjects.SampleTestNgTest.verifyVotingHelpButton(SampleTestNgTest.java:97)

verifyMonitoringHelpButton(annaProjects.SampleTestNgTest)  Time elapsed: 3.794 s  <<< FAILURE!
java.lang.AssertionError: expected [false] but found [true]
	at annaProjects.SampleTestNgTest.verifyMonitoringHelpButton(SampleTestNgTest.java:103)

verifySettingsButton(annaProjects.SampleTestNgTest)  Time elapsed: 4.212 s  <<< FAILURE!
java.lang.AssertionError: expected [false] but found [true]
	at annaProjects.SampleTestNgTest.verifySettingsButton(SampleTestNgTest.java:119)

verifyUncheckedButtons(annaProjects.SampleTestNgTest)  Time elapsed: 4.012 s  <<< FAILURE!
java.lang.AssertionError: expected [checker] but found [checker active]
	at annaProjects.SampleTestNgTest.verifyUncheckedButtons(SampleTestNgTest.java:129)

checkDTrumpDetails(annaProjects.SampleTestNgTest)  Time elapsed: 34.892 s  <<< FAILURE!
org.openqa.selenium.TimeoutException: 
Expected condition failed: waiting for element to be clickable: By.className: confirm-choise-block-addition-link (tried for 30 second(s) with 500 MILLISECONDS interval)
Build info: version: '3.5.1', revision: '9c21bb67ef', time: '2017-08-17T15:26:08.955Z'
System info: host: 'NB-181', ip: '192.168.56.1', os.name: 'Windows 10', os.arch: 'amd64', os.version: '10.0', java.version: '1.8.0_151'
Driver info: org.openqa.selenium.chrome.ChromeDriver
Capabilities [{applicationCacheEnabled=false, rotatable=false, mobileEmulationEnabled=false, networkConnectionEnabled=false, chrome={chromedriverVersion=2.34.522940 (1a76f96f66e3ca7b8e57d503b4dd3bccfba87af1), userDataDir=C:\Users\apetrova\AppData\Local\Temp\scoped_dir39320_215}, takesHeapSnapshot=true, pageLoadStrategy=normal, unhandledPromptBehavior=, databaseEnabled=false, handlesAlerts=true, hasTouchScreen=false, version=63.0.3239.84, platform=XP, browserConnectionEnabled=false, nativeEvents=true, acceptSslCerts=true, locationContextEnabled=true, webStorageEnabled=true, browserName=chrome, takesScreenshot=true, javascriptEnabled=true, cssSelectorsEnabled=true, setWindowRect=true, unexpectedAlertBehaviour=}]
Session ID: 09528548b37d39ba21b96bcf8a9ec7a7
	at annaProjects.SampleTestNgTest.checkDTrumpDetails(SampleTestNgTest.java:184)

checkHilClintonDetails(annaProjects.SampleTestNgTest)  Time elapsed: 35.17 s  <<< FAILURE!
org.openqa.selenium.TimeoutException: 
Expected condition failed: waiting for element to be clickable: By.className: confirm-choise-block-addition-link (tried for 30 second(s) with 500 MILLISECONDS interval)
Build info: version: '3.5.1', revision: '9c21bb67ef', time: '2017-08-17T15:26:08.955Z'
System info: host: 'NB-181', ip: '192.168.56.1', os.name: 'Windows 10', os.arch: 'amd64', os.version: '10.0', java.version: '1.8.0_151'
Driver info: org.openqa.selenium.chrome.ChromeDriver
Capabilities [{applicationCacheEnabled=false, rotatable=false, mobileEmulationEnabled=false, networkConnectionEnabled=false, chrome={chromedriverVersion=2.34.522940 (1a76f96f66e3ca7b8e57d503b4dd3bccfba87af1), userDataDir=C:\Users\apetrova\AppData\Local\Temp\scoped_dir44432_8676}, takesHeapSnapshot=true, pageLoadStrategy=normal, unhandledPromptBehavior=, databaseEnabled=false, handlesAlerts=true, hasTouchScreen=false, version=63.0.3239.84, platform=XP, browserConnectionEnabled=false, nativeEvents=true, acceptSslCerts=true, locationContextEnabled=true, webStorageEnabled=true, browserName=chrome, takesScreenshot=true, javascriptEnabled=true, cssSelectorsEnabled=true, setWindowRect=true, unexpectedAlertBehaviour=}]
Session ID: 7f2ac90dd516b8967668d8af171967e0
	at annaProjects.SampleTestNgTest.checkHilClintonDetails(SampleTestNgTest.java:197)

checkTrumpLegislationDetails(annaProjects.SampleTestNgTest)  Time elapsed: 6.853 s  <<< FAILURE!
java.lang.AssertionError: expected [Information about elections in US is available on webpage] but found [information about elections in estonia is available on webpage]
	at annaProjects.SampleTestNgTest.checkTrumpLegislationDetails(SampleTestNgTest.java:211)

checkCLintonLegislationDetails(annaProjects.SampleTestNgTest)  Time elapsed: 8.919 s  <<< FAILURE!
java.lang.AssertionError: expected [Information about elections in US is available on webpage] but found [information about elections in estonia is available on webpage]
	at annaProjects.SampleTestNgTest.checkCLintonLegislationDetails(SampleTestNgTest.java:224)

checkDiscardButton(annaProjects.SampleTestNgTest)  Time elapsed: 16.175 s  <<< FAILURE!
org.openqa.selenium.NoSuchElementException: 
no such element: Unable to locate element: {"method":"xpath","selector":"//*[text()='Candidates of Election']"}
  (Session info: chrome=63.0.3239.84)
  (Driver info: chromedriver=2.34.522940 (1a76f96f66e3ca7b8e57d503b4dd3bccfba87af1),platform=Windows NT 10.0.14393 x86_64) (WARNING: The server did not provide any stacktrace information)
Command duration or timeout: 0 milliseconds
For documentation on this error, please visit: http://seleniumhq.org/exceptions/no_such_element.html
Build info: version: '3.5.1', revision: '9c21bb67ef', time: '2017-08-17T15:26:08.955Z'
System info: host: 'NB-181', ip: '192.168.56.1', os.name: 'Windows 10', os.arch: 'amd64', os.version: '10.0', java.version: '1.8.0_151'
Driver info: org.openqa.selenium.chrome.ChromeDriver
Capabilities [{applicationCacheEnabled=false, rotatable=false, mobileEmulationEnabled=false, networkConnectionEnabled=false, chrome={chromedriverVersion=2.34.522940 (1a76f96f66e3ca7b8e57d503b4dd3bccfba87af1), userDataDir=C:\Users\apetrova\AppData\Local\Temp\scoped_dir47208_31602}, takesHeapSnapshot=true, pageLoadStrategy=normal, unhandledPromptBehavior=, databaseEnabled=false, handlesAlerts=true, hasTouchScreen=false, version=63.0.3239.84, platform=XP, browserConnectionEnabled=false, nativeEvents=true, acceptSslCerts=true, locationContextEnabled=true, webStorageEnabled=true, browserName=chrome, takesScreenshot=true, javascriptEnabled=true, cssSelectorsEnabled=true, setWindowRect=true, unexpectedAlertBehaviour=}]
Session ID: 8e8d0b2a8a447be26fcae933b1f2e134
*** Element info: {Using=xpath, value=//*[text()='Candidates of Election']}
	at annaProjects.SampleTestNgTest.checkDiscardButton(SampleTestNgTest.java:272)

checkSaveBallotDetails(annaProjects.SampleTestNgTest)  Time elapsed: 5.213 s  <<< FAILURE!
org.openqa.selenium.NoAlertPresentException: 
no alert open
  (Session info: chrome=63.0.3239.84)
  (Driver info: chromedriver=2.34.522940 (1a76f96f66e3ca7b8e57d503b4dd3bccfba87af1),platform=Windows NT 10.0.14393 x86_64) (WARNING: The server did not provide any stacktrace information)
Command duration or timeout: 0 milliseconds
Build info: version: '3.5.1', revision: '9c21bb67ef', time: '2017-08-17T15:26:08.955Z'
System info: host: 'NB-181', ip: '192.168.56.1', os.name: 'Windows 10', os.arch: 'amd64', os.version: '10.0', java.version: '1.8.0_151'
Driver info: org.openqa.selenium.chrome.ChromeDriver
Capabilities [{applicationCacheEnabled=false, rotatable=false, mobileEmulationEnabled=false, networkConnectionEnabled=false, chrome={chromedriverVersion=2.34.522940 (1a76f96f66e3ca7b8e57d503b4dd3bccfba87af1), userDataDir=C:\Users\apetrova\AppData\Local\Temp\scoped_dir47888_13699}, takesHeapSnapshot=true, pageLoadStrategy=normal, unhandledPromptBehavior=, databaseEnabled=false, handlesAlerts=true, hasTouchScreen=false, version=63.0.3239.84, platform=XP, browserConnectionEnabled=false, nativeEvents=true, acceptSslCerts=true, locationContextEnabled=true, webStorageEnabled=true, browserName=chrome, takesScreenshot=true, javascriptEnabled=true, cssSelectorsEnabled=true, setWindowRect=true, unexpectedAlertBehaviour=}]
Session ID: 02687e08206b2f9a907e1bd4c2453c82
	at annaProjects.SampleTestNgTest.checkSaveBallotDetails(SampleTestNgTest.java:284)

checkDiscardSignBallot(annaProjects.SampleTestNgTest)  Time elapsed: 16.223 s  <<< FAILURE!
org.openqa.selenium.NoSuchElementException: 
no such element: Unable to locate element: {"method":"xpath","selector":"//*[text()='Your Unsigned Ballot']"}
  (Session info: chrome=63.0.3239.84)
  (Driver info: chromedriver=2.34.522940 (1a76f96f66e3ca7b8e57d503b4dd3bccfba87af1),platform=Windows NT 10.0.14393 x86_64) (WARNING: The server did not provide any stacktrace information)
Command duration or timeout: 0 milliseconds
For documentation on this error, please visit: http://seleniumhq.org/exceptions/no_such_element.html
Build info: version: '3.5.1', revision: '9c21bb67ef', time: '2017-08-17T15:26:08.955Z'
System info: host: 'NB-181', ip: '192.168.56.1', os.name: 'Windows 10', os.arch: 'amd64', os.version: '10.0', java.version: '1.8.0_151'
Driver info: org.openqa.selenium.chrome.ChromeDriver
Capabilities [{applicationCacheEnabled=false, rotatable=false, mobileEmulationEnabled=false, networkConnectionEnabled=false, chrome={chromedriverVersion=2.34.522940 (1a76f96f66e3ca7b8e57d503b4dd3bccfba87af1), userDataDir=C:\Users\apetrova\AppData\Local\Temp\scoped_dir47304_28151}, takesHeapSnapshot=true, pageLoadStrategy=normal, unhandledPromptBehavior=, databaseEnabled=false, handlesAlerts=true, hasTouchScreen=false, version=63.0.3239.84, platform=XP, browserConnectionEnabled=false, nativeEvents=true, acceptSslCerts=true, locationContextEnabled=true, webStorageEnabled=true, browserName=chrome, takesScreenshot=true, javascriptEnabled=true, cssSelectorsEnabled=true, setWindowRect=true, unexpectedAlertBehaviour=}]
Session ID: 79fba84ac2bb410a88d153bdcc9f35b9
*** Element info: {Using=xpath, value=//*[text()='Your Unsigned Ballot']}
	at annaProjects.SampleTestNgTest.checkDiscardSignBallot(SampleTestNgTest.java:365)

checkNoSecretPinInput(annaProjects.SampleTestNgTest)  Time elapsed: 15.961 s  <<< FAILURE!
org.openqa.selenium.TimeoutException: Expected condition failed: waiting for element to be clickable: By.xpath: //*[text()='Warning, input your secret PIN2 (tried for 10 second(s) with 500 MILLISECONDS interval)
	at annaProjects.SampleTestNgTest.checkNoSecretPinInput(SampleTestNgTest.java:379)
Caused by: org.openqa.selenium.InvalidSelectorException: 
invalid selector: Unable to locate an element with the xpath expression //*[text()='Warning, input your secret PIN2 because of the following error:
SyntaxError: Failed to execute 'evaluate' on 'Document': The string '//*[text()='Warning, input your secret PIN2' is not a valid XPath expression.
  (Session info: chrome=63.0.3239.84)
  (Driver info: chromedriver=2.34.522940 (1a76f96f66e3ca7b8e57d503b4dd3bccfba87af1),platform=Windows NT 10.0.14393 x86_64) (WARNING: The server did not provide any stacktrace information)
Command duration or timeout: 0 milliseconds
For documentation on this error, please visit: http://seleniumhq.org/exceptions/invalid_selector_exception.html
Build info: version: '3.5.1', revision: '9c21bb67ef', time: '2017-08-17T15:26:08.955Z'
System info: host: 'NB-181', ip: '192.168.56.1', os.name: 'Windows 10', os.arch: 'amd64', os.version: '10.0', java.version: '1.8.0_151'
Driver info: org.openqa.selenium.chrome.ChromeDriver
Capabilities [{applicationCacheEnabled=false, rotatable=false, mobileEmulationEnabled=false, networkConnectionEnabled=false, chrome={chromedriverVersion=2.34.522940 (1a76f96f66e3ca7b8e57d503b4dd3bccfba87af1), userDataDir=C:\Users\apetrova\AppData\Local\Temp\scoped_dir47656_28791}, takesHeapSnapshot=true, pageLoadStrategy=normal, unhandledPromptBehavior=, databaseEnabled=false, handlesAlerts=true, hasTouchScreen=false, version=63.0.3239.84, platform=XP, browserConnectionEnabled=false, nativeEvents=true, acceptSslCerts=true, locationContextEnabled=true, webStorageEnabled=true, browserName=chrome, takesScreenshot=true, javascriptEnabled=true, cssSelectorsEnabled=true, setWindowRect=true, unexpectedAlertBehaviour=}]
Session ID: f5688db84f130439cccf0ab3a804c96d
*** Element info: {Using=xpath, value=//*[text()='Warning, input your secret PIN2}
	at annaProjects.SampleTestNgTest.checkNoSecretPinInput(SampleTestNgTest.java:379)

checkReturnFromDecrBallot(annaProjects.SampleTestNgTest)  Time elapsed: 15.831 s  <<< FAILURE!
org.openqa.selenium.NoSuchElementException: 
no such element: Unable to locate element: {"method":"class name","selector":"app-content-header"}
  (Session info: chrome=63.0.3239.84)
  (Driver info: chromedriver=2.34.522940 (1a76f96f66e3ca7b8e57d503b4dd3bccfba87af1),platform=Windows NT 10.0.14393 x86_64) (WARNING: The server did not provide any stacktrace information)
Command duration or timeout: 0 milliseconds
For documentation on this error, please visit: http://seleniumhq.org/exceptions/no_such_element.html
Build info: version: '3.5.1', revision: '9c21bb67ef', time: '2017-08-17T15:26:08.955Z'
System info: host: 'NB-181', ip: '192.168.56.1', os.name: 'Windows 10', os.arch: 'amd64', os.version: '10.0', java.version: '1.8.0_151'
Driver info: org.openqa.selenium.chrome.ChromeDriver
Capabilities [{applicationCacheEnabled=false, rotatable=false, mobileEmulationEnabled=false, networkConnectionEnabled=false, chrome={chromedriverVersion=2.34.522940 (1a76f96f66e3ca7b8e57d503b4dd3bccfba87af1), userDataDir=C:\Users\apetrova\AppData\Local\Temp\scoped_dir47756_10149}, takesHeapSnapshot=true, pageLoadStrategy=normal, unhandledPromptBehavior=, databaseEnabled=false, handlesAlerts=true, hasTouchScreen=false, version=63.0.3239.84, platform=XP, browserConnectionEnabled=false, nativeEvents=true, acceptSslCerts=true, locationContextEnabled=true, webStorageEnabled=true, browserName=chrome, takesScreenshot=true, javascriptEnabled=true, cssSelectorsEnabled=true, setWindowRect=true, unexpectedAlertBehaviour=}]
Session ID: c6fe8346919ee534788cbbe9920c45da
*** Element info: {Using=class name, value=app-content-header}
	at annaProjects.SampleTestNgTest.checkReturnFromDecrBallot(SampleTestNgTest.java:396)

checkSaveDecrBallot(annaProjects.SampleTestNgTest)  Time elapsed: 8.007 s  <<< FAILURE!
java.lang.AssertionError: expected [ballot is saved] but found [full ballot encryption details]
	at annaProjects.SampleTestNgTest.checkSaveDecrBallot(SampleTestNgTest.java:412)

